This is pdfTeX, Version 3.14159265-2.6-1.40.15 (TeX Live 2014) (preloaded format=pdflatex 2014.5.25)  17 MAR 2017 15:49
entering extended mode
 restricted \write18 enabled.
 file:line:error style messages enabled.
 %&-line parsing enabled.
**neuroimage_revise.tex
(./neuroimage_revise.tex
LaTeX2e <2014/05/01>
Babel <3.9k> and hyphenation patterns for 78 languages loaded.
(/usr/local/texlive/2014/texmf-dist/tex/latex/base/article.cls
Document Class: article 2007/10/19 v1.4h Standard LaTeX document class
(/usr/local/texlive/2014/texmf-dist/tex/latex/base/size10.clo
File: size10.clo 2007/10/19 v1.4h Standard LaTeX file (size option)
)
\c@part=\count79
\c@section=\count80
\c@subsection=\count81
\c@subsubsection=\count82
\c@paragraph=\count83
\c@subparagraph=\count84
\c@figure=\count85
\c@table=\count86
\abovecaptionskip=\skip41
\belowcaptionskip=\skip42
\bibindent=\dimen102
)
(/usr/local/texlive/2014/texmf-dist/tex/latex/amsmath/amsmath.sty
Package: amsmath 2013/01/14 v2.14 AMS math features
\@mathmargin=\skip43

For additional information on amsmath, use the `?' option.
(/usr/local/texlive/2014/texmf-dist/tex/latex/amsmath/amstext.sty
Package: amstext 2000/06/29 v2.01

(/usr/local/texlive/2014/texmf-dist/tex/latex/amsmath/amsgen.sty
File: amsgen.sty 1999/11/30 v2.0
\@emptytoks=\toks14
\ex@=\dimen103
))
(/usr/local/texlive/2014/texmf-dist/tex/latex/amsmath/amsbsy.sty
Package: amsbsy 1999/11/29 v1.2d
\pmbraise@=\dimen104
)
(/usr/local/texlive/2014/texmf-dist/tex/latex/amsmath/amsopn.sty
Package: amsopn 1999/12/14 v2.01 operator names
)
\inf@bad=\count87
LaTeX Info: Redefining \frac on input line 210.
\uproot@=\count88
\leftroot@=\count89
LaTeX Info: Redefining \overline on input line 306.
\classnum@=\count90
\DOTSCASE@=\count91
LaTeX Info: Redefining \ldots on input line 378.
LaTeX Info: Redefining \dots on input line 381.
LaTeX Info: Redefining \cdots on input line 466.
\Mathstrutbox@=\box26
\strutbox@=\box27
\big@size=\dimen105
LaTeX Font Info:    Redeclaring font encoding OML on input line 566.
LaTeX Font Info:    Redeclaring font encoding OMS on input line 567.
\macc@depth=\count92
\c@MaxMatrixCols=\count93
\dotsspace@=\muskip10
\c@parentequation=\count94
\dspbrk@lvl=\count95
\tag@help=\toks15
\row@=\count96
\column@=\count97
\maxfields@=\count98
\andhelp@=\toks16
\eqnshift@=\dimen106
\alignsep@=\dimen107
\tagshift@=\dimen108
\tagwidth@=\dimen109
\totwidth@=\dimen110
\lineht@=\dimen111
\@envbody=\toks17
\multlinegap=\skip44
\multlinetaggap=\skip45
\mathdisplay@stack=\toks18
LaTeX Info: Redefining \[ on input line 2665.
LaTeX Info: Redefining \] on input line 2666.
)
(/usr/local/texlive/2014/texmf-dist/tex/latex/amsfonts/amssymb.sty
Package: amssymb 2013/01/14 v3.01 AMS font symbols

(/usr/local/texlive/2014/texmf-dist/tex/latex/amsfonts/amsfonts.sty
Package: amsfonts 2013/01/14 v3.01 Basic AMSFonts support
\symAMSa=\mathgroup4
\symAMSb=\mathgroup5
LaTeX Font Info:    Overwriting math alphabet `\mathfrak' in version `bold'
(Font)                  U/euf/m/n --> U/euf/b/n on input line 106.
))
(/usr/local/texlive/2014/texmf-dist/tex/latex/amscls/amsthm.sty
Package: amsthm 2004/08/06 v2.20
\thm@style=\toks19
\thm@bodyfont=\toks20
\thm@headfont=\toks21
\thm@notefont=\toks22
\thm@headpunct=\toks23
\thm@preskip=\skip46
\thm@postskip=\skip47
\thm@headsep=\skip48
\dth@everypar=\toks24
)
(/usr/local/texlive/2014/texmf-dist/tex/latex/base/inputenc.sty
Package: inputenc 2014/04/30 v1.2b Input encoding file
\inpenc@prehook=\toks25
\inpenc@posthook=\toks26

(/usr/local/texlive/2014/texmf-dist/tex/latex/ucs/utf8x.def
File: utf8x.def 2004/10/17 UCS: Input encoding UTF-8
))
(/usr/local/texlive/2014/texmf-dist/tex/latex/ucs/ucs.sty
Package: ucs 2013/05/11 v2.2 UCS: Unicode input support

(/usr/local/texlive/2014/texmf-dist/tex/latex/ucs/data/uni-global.def
File: uni-global.def 2013/05/13 UCS: Unicode global data
)
\uc@secondtry=\count99
\uc@combtoks=\toks27
\uc@combtoksb=\toks28
\uc@temptokena=\toks29
)
(/usr/local/texlive/2014/texmf-dist/tex/latex/hyperref/nameref.sty
Package: nameref 2012/10/27 v2.43 Cross-referencing by name of section

(/usr/local/texlive/2014/texmf-dist/tex/latex/oberdiek/refcount.sty
Package: refcount 2011/10/16 v3.4 Data extraction from label references (HO)

(/usr/local/texlive/2014/texmf-dist/tex/generic/oberdiek/ltxcmds.sty
Package: ltxcmds 2011/11/09 v1.22 LaTeX kernel commands for general use (HO)
)
(/usr/local/texlive/2014/texmf-dist/tex/generic/oberdiek/infwarerr.sty
Package: infwarerr 2010/04/08 v1.3 Providing info/warning/error messages (HO)
))
(/usr/local/texlive/2014/texmf-dist/tex/generic/oberdiek/gettitlestring.sty
Package: gettitlestring 2010/12/03 v1.4 Cleanup title references (HO)

(/usr/local/texlive/2014/texmf-dist/tex/latex/oberdiek/kvoptions.sty
Package: kvoptions 2011/06/30 v3.11 Key value format for package options (HO)

(/usr/local/texlive/2014/texmf-dist/tex/latex/graphics/keyval.sty
Package: keyval 2014/05/08 v1.15 key=value parser (DPC)
\KV@toks@=\toks30
)
(/usr/local/texlive/2014/texmf-dist/tex/generic/oberdiek/kvsetkeys.sty
Package: kvsetkeys 2012/04/25 v1.16 Key value parser (HO)

(/usr/local/texlive/2014/texmf-dist/tex/generic/oberdiek/etexcmds.sty
Package: etexcmds 2011/02/16 v1.5 Avoid name clashes with e-TeX commands (HO)

(/usr/local/texlive/2014/texmf-dist/tex/generic/oberdiek/ifluatex.sty
Package: ifluatex 2010/03/01 v1.3 Provides the ifluatex switch (HO)
Package ifluatex Info: LuaTeX not detected.
)
Package etexcmds Info: Could not find \expanded.
(etexcmds)             That can mean that you are not using pdfTeX 1.50 or
(etexcmds)             that some package has redefined \expanded.
(etexcmds)             In the latter case, load this package earlier.
))))
\c@section@level=\count100
LaTeX Info: Redefining \ref on input line 353.
LaTeX Info: Redefining \pageref on input line 353.
)
(/usr/local/texlive/2014/texmf-dist/tex/latex/hyperref/hyperref.sty
Package: hyperref 2012/11/06 v6.83m Hypertext links for LaTeX

(/usr/local/texlive/2014/texmf-dist/tex/generic/oberdiek/hobsub-hyperref.sty
Package: hobsub-hyperref 2012/05/28 v1.13 Bundle oberdiek, subset hyperref (HO)


(/usr/local/texlive/2014/texmf-dist/tex/generic/oberdiek/hobsub-generic.sty
Package: hobsub-generic 2012/05/28 v1.13 Bundle oberdiek, subset generic (HO)
Package: hobsub 2012/05/28 v1.13 Construct package bundles (HO)
Package hobsub Info: Skipping package `infwarerr' (already loaded).
Package hobsub Info: Skipping package `ltxcmds' (already loaded).
Package hobsub Info: Skipping package `ifluatex' (already loaded).
Package: ifvtex 2010/03/01 v1.5 Detect VTeX and its facilities (HO)
Package ifvtex Info: VTeX not detected.
Package: intcalc 2007/09/27 v1.1 Expandable calculations with integers (HO)
Package: ifpdf 2011/01/30 v2.3 Provides the ifpdf switch (HO)
Package ifpdf Info: pdfTeX in PDF mode is detected.
Package hobsub Info: Skipping package `etexcmds' (already loaded).
Package hobsub Info: Skipping package `kvsetkeys' (already loaded).
Package: kvdefinekeys 2011/04/07 v1.3 Define keys (HO)
Package: pdftexcmds 2011/11/29 v0.20 Utility functions of pdfTeX for LuaTeX (HO
)
Package pdftexcmds Info: LuaTeX not detected.
Package pdftexcmds Info: \pdf@primitive is available.
Package pdftexcmds Info: \pdf@ifprimitive is available.
Package pdftexcmds Info: \pdfdraftmode found.
Package: pdfescape 2011/11/25 v1.13 Implements pdfTeX's escape features (HO)
Package: bigintcalc 2012/04/08 v1.3 Expandable calculations on big integers (HO
)
Package: bitset 2011/01/30 v1.1 Handle bit-vector datatype (HO)
Package: uniquecounter 2011/01/30 v1.2 Provide unlimited unique counter (HO)
)
Package hobsub Info: Skipping package `hobsub' (already loaded).
Package: letltxmacro 2010/09/02 v1.4 Let assignment for LaTeX macros (HO)
Package: hopatch 2012/05/28 v1.2 Wrapper for package hooks (HO)
Package: xcolor-patch 2011/01/30 xcolor patch
Package: atveryend 2011/06/30 v1.8 Hooks at the very end of document (HO)
Package atveryend Info: \enddocument detected (standard20110627).
Package: atbegshi 2011/10/05 v1.16 At begin shipout hook (HO)
Package hobsub Info: Skipping package `refcount' (already loaded).
Package: hycolor 2011/01/30 v1.7 Color options for hyperref/bookmark (HO)
)
(/usr/local/texlive/2014/texmf-dist/tex/generic/ifxetex/ifxetex.sty
Package: ifxetex 2010/09/12 v0.6 Provides ifxetex conditional
)
(/usr/local/texlive/2014/texmf-dist/tex/latex/oberdiek/auxhook.sty
Package: auxhook 2011/03/04 v1.3 Hooks for auxiliary files (HO)
)
\@linkdim=\dimen112
\Hy@linkcounter=\count101
\Hy@pagecounter=\count102

(/usr/local/texlive/2014/texmf-dist/tex/latex/hyperref/pd1enc.def
File: pd1enc.def 2012/11/06 v6.83m Hyperref: PDFDocEncoding definition (HO)
)
\Hy@SavedSpaceFactor=\count103

(/usr/local/texlive/2014/texmf-dist/tex/latex/latexconfig/hyperref.cfg
File: hyperref.cfg 2002/06/06 v1.2 hyperref configuration of TeXLive
)
Package hyperref Info: Hyper figures OFF on input line 4443.
Package hyperref Info: Link nesting OFF on input line 4448.
Package hyperref Info: Hyper index ON on input line 4451.
Package hyperref Info: Plain pages OFF on input line 4458.
Package hyperref Info: Backreferencing OFF on input line 4463.
Package hyperref Info: Implicit mode ON; LaTeX internals redefined.
Package hyperref Info: Bookmarks ON on input line 4688.
\c@Hy@tempcnt=\count104

(/usr/local/texlive/2014/texmf-dist/tex/latex/url/url.sty
\Urlmuskip=\muskip11
Package: url 2013/09/16  ver 3.4  Verb mode for urls, etc.
)
LaTeX Info: Redefining \url on input line 5041.
\XeTeXLinkMargin=\dimen113
\Fld@menulength=\count105
\Field@Width=\dimen114
\Fld@charsize=\dimen115
Package hyperref Info: Hyper figures OFF on input line 6295.
Package hyperref Info: Link nesting OFF on input line 6300.
Package hyperref Info: Hyper index ON on input line 6303.
Package hyperref Info: backreferencing OFF on input line 6310.
Package hyperref Info: Link coloring OFF on input line 6315.
Package hyperref Info: Link coloring with OCG OFF on input line 6320.
Package hyperref Info: PDF/A mode OFF on input line 6325.
LaTeX Info: Redefining \ref on input line 6365.
LaTeX Info: Redefining \pageref on input line 6369.
\Hy@abspage=\count106
\c@Item=\count107
\c@Hfootnote=\count108
)

Package hyperref Message: Driver (autodetected): hpdftex.

(/usr/local/texlive/2014/texmf-dist/tex/latex/hyperref/hpdftex.def
File: hpdftex.def 2012/11/06 v6.83m Hyperref driver for pdfTeX
\Fld@listcount=\count109
\c@bookmark@seq@number=\count110

(/usr/local/texlive/2014/texmf-dist/tex/latex/oberdiek/rerunfilecheck.sty
Package: rerunfilecheck 2011/04/15 v1.7 Rerun checks for auxiliary files (HO)
Package uniquecounter Info: New unique counter `rerunfilecheck' on input line 2
82.
)
\Hy@SectionHShift=\skip49
)
(/usr/local/texlive/2014/texmf-dist/tex/latex/lineno/lineno.sty
Package: lineno 2005/11/02 line numbers on paragraphs v4.41
\linenopenalty=\count111
\output=\toks31
\linenoprevgraf=\count112
\linenumbersep=\dimen116
\linenumberwidth=\dimen117
\c@linenumber=\count113
\c@pagewiselinenumber=\count114
\c@LN@truepage=\count115
\c@internallinenumber=\count116
\c@internallinenumbers=\count117
\quotelinenumbersep=\dimen118
\bframerule=\dimen119
\bframesep=\dimen120
\bframebox=\box28
LaTeX Info: Redefining \\ on input line 3056.
)
(/usr/local/texlive/2014/texmf-dist/tex/latex/xcolor/xcolor.sty
Package: xcolor 2007/01/21 v2.11 LaTeX color extensions (UK)

(/usr/local/texlive/2014/texmf-dist/tex/latex/latexconfig/color.cfg
File: color.cfg 2007/01/18 v1.5 color configuration of teTeX/TeXLive
)
Package xcolor Info: Driver file: pdftex.def on input line 225.

(/usr/local/texlive/2014/texmf-dist/tex/latex/pdftex-def/pdftex.def
File: pdftex.def 2011/05/27 v0.06d Graphics/color for pdfTeX
\Gread@gobject=\count118
)
(/usr/local/texlive/2014/texmf-dist/tex/latex/colortbl/colortbl.sty
Package: colortbl 2012/02/13 v1.0a Color table columns (DPC)

(/usr/local/texlive/2014/texmf-dist/tex/latex/tools/array.sty
Package: array 2008/09/09 v2.4c Tabular extension package (FMi)
\col@sep=\dimen121
\extrarowheight=\dimen122
\NC@list=\toks32
\extratabsurround=\skip50
\backup@length=\skip51
)
\everycr=\toks33
\minrowclearance=\skip52
)
\rownum=\count119
Package xcolor Info: Model `cmy' substituted by `cmy0' on input line 1337.
Package xcolor Info: Model `hsb' substituted by `rgb' on input line 1341.
Package xcolor Info: Model `RGB' extended on input line 1353.
Package xcolor Info: Model `HTML' substituted by `rgb' on input line 1355.
Package xcolor Info: Model `Hsb' substituted by `hsb' on input line 1356.
Package xcolor Info: Model `tHsb' substituted by `hsb' on input line 1357.
Package xcolor Info: Model `HSB' substituted by `hsb' on input line 1358.
Package xcolor Info: Model `Gray' substituted by `gray' on input line 1359.
Package xcolor Info: Model `wave' substituted by `hsb' on input line 1360.
)
(/usr/local/texlive/2014/texmf-dist/tex/latex/booktabs/booktabs.sty
Package: booktabs 2005/04/14 v1.61803 publication quality tables
\heavyrulewidth=\dimen123
\lightrulewidth=\dimen124
\cmidrulewidth=\dimen125
\belowrulesep=\dimen126
\belowbottomsep=\dimen127
\aboverulesep=\dimen128
\abovetopsep=\dimen129
\cmidrulesep=\dimen130
\cmidrulekern=\dimen131
\defaultaddspace=\dimen132
\@cmidla=\count120
\@cmidlb=\count121
\@aboverulesep=\dimen133
\@belowrulesep=\dimen134
\@thisruleclass=\count122
\@lastruleclass=\count123
\@thisrulewidth=\dimen135
)
(/usr/local/texlive/2014/texmf-dist/tex/latex/tools/bm.sty
Package: bm 2004/02/26 v1.1c Bold Symbol Support (DPC/FMi)
\symboldoperators=\mathgroup6
\symboldletters=\mathgroup7
\symboldsymbols=\mathgroup8
LaTeX Font Info:    Redeclaring math alphabet \mathbf on input line 137.
LaTeX Info: Redefining \bm on input line 203.
)
\c@fact=\count124

(/usr/local/texlive/2014/texmf-dist/tex/latex/algorithms/algorithm.sty
Package: algorithm 2009/08/24 v0.1 Document Style `algorithm' - floating enviro
nment

(/usr/local/texlive/2014/texmf-dist/tex/latex/float/float.sty
Package: float 2001/11/08 v1.3d Float enhancements (AL)
\c@float@type=\count125
\float@exts=\toks34
\float@box=\box29
\@float@everytoks=\toks35
\@floatcapt=\box30
)
(/usr/local/texlive/2014/texmf-dist/tex/latex/base/ifthen.sty
Package: ifthen 2001/05/26 v1.1c Standard LaTeX ifthen package (DPC)
)
\@float@every@algorithm=\toks36
\c@algorithm=\count126
)
(/usr/local/texlive/2014/texmf-dist/tex/latex/algorithms/algorithmic.sty
Package: algorithmic 2009/08/24 v0.1 Document Style `algorithmic'
\c@ALC@unique=\count127
\c@ALC@line=\count128
\c@ALC@rem=\count129
\c@ALC@depth=\count130
\ALC@tlm=\skip53
\algorithmicindent=\skip54
)
(/usr/local/texlive/2014/texmf-dist/tex/latex/graphics/graphicx.sty
Package: graphicx 2014/04/25 v1.0g Enhanced LaTeX Graphics (DPC,SPQR)

(/usr/local/texlive/2014/texmf-dist/tex/latex/graphics/graphics.sty
Package: graphics 2009/02/05 v1.0o Standard LaTeX Graphics (DPC,SPQR)

(/usr/local/texlive/2014/texmf-dist/tex/latex/graphics/trig.sty
Package: trig 1999/03/16 v1.09 sin cos tan (DPC)
)
(/usr/local/texlive/2014/texmf-dist/tex/latex/latexconfig/graphics.cfg
File: graphics.cfg 2010/04/23 v1.9 graphics configuration of TeX Live
)
Package graphics Info: Driver file: pdftex.def on input line 91.
)
\Gin@req@height=\dimen136
\Gin@req@width=\dimen137
)
(/usr/local/texlive/2014/texmf-dist/tex/latex/caption/subcaption.sty
Package: subcaption 2013/02/03 v1.1-62 Sub-captions (AR)

(/usr/local/texlive/2014/texmf-dist/tex/latex/caption/caption.sty
Package: caption 2013/05/02 v3.3-89 Customizing captions (AR)

(/usr/local/texlive/2014/texmf-dist/tex/latex/caption/caption3.sty
Package: caption3 2013/05/02 v1.6-88 caption3 kernel (AR)
Package caption3 Info: TeX engine: e-TeX on input line 57.
\captionmargin=\dimen138
\captionmargin@=\dimen139
\captionwidth=\dimen140
\caption@tempdima=\dimen141
\caption@indent=\dimen142
\caption@parindent=\dimen143
\caption@hangindent=\dimen144
)
\c@ContinuedFloat=\count131
Package caption Info: float package is loaded.
Package caption Info: hyperref package is loaded.
)
\c@subfigure=\count132
\c@subtable=\count133
)
(/usr/local/texlive/2014/texmf-dist/tex/latex/natbib/natbib.sty
Package: natbib 2010/09/13 8.31b (PWD, AO)
\bibhang=\skip55
\bibsep=\skip56
LaTeX Info: Redefining \cite on input line 694.
\c@NAT@ctr=\count134
)
(./neuroimage_revise.aux)
\openout1 = `neuroimage_revise.aux'.

LaTeX Font Info:    Checking defaults for OML/cmm/m/it on input line 86.
LaTeX Font Info:    ... okay on input line 86.
LaTeX Font Info:    Checking defaults for T1/cmr/m/n on input line 86.
LaTeX Font Info:    ... okay on input line 86.
LaTeX Font Info:    Checking defaults for OT1/cmr/m/n on input line 86.
LaTeX Font Info:    ... okay on input line 86.
LaTeX Font Info:    Checking defaults for OMS/cmsy/m/n on input line 86.
LaTeX Font Info:    ... okay on input line 86.
LaTeX Font Info:    Checking defaults for OMX/cmex/m/n on input line 86.
LaTeX Font Info:    ... okay on input line 86.
LaTeX Font Info:    Checking defaults for U/cmr/m/n on input line 86.
LaTeX Font Info:    ... okay on input line 86.
LaTeX Font Info:    Checking defaults for PD1/pdf/m/n on input line 86.
LaTeX Font Info:    ... okay on input line 86.

(/usr/local/texlive/2014/texmf-dist/tex/latex/ucs/ucsencs.def
File: ucsencs.def 2011/01/21 Fixes to fontencodings LGR, T3
)
\AtBeginShipoutBox=\box31
Package hyperref Info: Link coloring OFF on input line 86.
LaTeX Info: Redefining \ref on input line 86.
LaTeX Info: Redefining \pageref on input line 86.
LaTeX Info: Redefining \nameref on input line 86.

(./neuroimage_revise.out) (./neuroimage_revise.out)
\@outlinefile=\write3
\openout3 = `neuroimage_revise.out'.


(/usr/local/texlive/2014/texmf-dist/tex/context/base/supp-pdf.mkii
[Loading MPS to PDF converter (version 2006.09.02).]
\scratchcounter=\count135
\scratchdimen=\dimen145
\scratchbox=\box32
\nofMPsegments=\count136
\nofMParguments=\count137
\everyMPshowfont=\toks37
\MPscratchCnt=\count138
\MPscratchDim=\dimen146
\MPnumerator=\count139
\makeMPintoPDFobject=\count140
\everyMPtoPDFconversion=\toks38
) (/usr/local/texlive/2014/texmf-dist/tex/latex/oberdiek/epstopdf-base.sty
Package: epstopdf-base 2010/02/09 v2.5 Base part for package epstopdf

(/usr/local/texlive/2014/texmf-dist/tex/latex/oberdiek/grfext.sty
Package: grfext 2010/08/19 v1.1 Manage graphics extensions (HO)
)
Package grfext Info: Graphics extension search list:
(grfext)             [.png,.pdf,.jpg,.mps,.jpeg,.jbig2,.jb2,.PNG,.PDF,.JPG,.JPE
G,.JBIG2,.JB2,.eps]
(grfext)             \AppendGraphicsExtensions on input line 452.

(/usr/local/texlive/2014/texmf-dist/tex/latex/latexconfig/epstopdf-sys.cfg
File: epstopdf-sys.cfg 2010/07/13 v1.3 Configuration of (r)epstopdf for TeX Liv
e
))
Package caption Info: Begin \AtBeginDocument code.
Package caption Info: End \AtBeginDocument code.
LaTeX Font Info:    Try loading font information for U+msa on input line 89.

(/usr/local/texlive/2014/texmf-dist/tex/latex/amsfonts/umsa.fd
File: umsa.fd 2013/01/14 v3.01 AMS symbols A
)
LaTeX Font Info:    Try loading font information for U+msb on input line 89.

(/usr/local/texlive/2014/texmf-dist/tex/latex/amsfonts/umsb.fd
File: umsb.fd 2013/01/14 v3.01 AMS symbols B
) [1

{/usr/local/texlive/2014/texmf-var/fonts/map/pdftex/updmap/pdftex.map}] [2]
<P_desikan.pdf, id=125, 289.08pt x 252.945pt>
File: P_desikan.pdf Graphic file (type pdf)
 <use P_desikan.pdf>
Package pdftex.def Info: P_desikan.pdf used on input line 164.
(pdftex.def)             Requested size: 125.71349pt x 109.99832pt.

<Abar_desikan_m5.pdf, id=126, 289.08pt x 252.945pt>
File: Abar_desikan_m5.pdf Graphic file (type pdf)
 <use Abar_desikan_m5.pdf>
Package pdftex.def Info: Abar_desikan_m5.pdf used on input line 165.
(pdftex.def)             Requested size: 126.34868pt x 110.55222pt.

<Phat_desikan_m5.pdf, id=127, 325.215pt x 252.945pt>
File: Phat_desikan_m5.pdf Graphic file (type pdf)
 <use Phat_desikan_m5.pdf>
Package pdftex.def Info: Phat_desikan_m5.pdf used on input line 166.
(pdftex.def)             Requested size: 144.96585pt x 112.751pt.

[3 <./P_desikan.pdf> <./Abar_desikan_m5.pdf> <./Phat_desikan_m5.pdf>]
Overfull \hbox (14.0284pt too wide) in paragraph at lines 192--195
[]\OT1/cmr/m/n/10 Using es-ti-mates of the la-tent po-si-tions based on a trun-
cated eigen-decomposition
 []

[4] [5]
Overfull \hbox (11.87228pt too wide) in paragraph at lines 254--254
[]\OT1/cmr/bx/n/12 Stochastic Block-model as a Ran-dom Dot Prod-uct Graph 
 []

[6] <SBM_P.pdf, id=235, 289.08pt x 317.185pt>
File: SBM_P.pdf Graphic file (type pdf)
 <use SBM_P.pdf>
Package pdftex.def Info: SBM_P.pdf used on input line 300.
(pdftex.def)             Requested size: 141.49605pt x 155.24895pt.

<SBM_A.pdf, id=236, 327.2225pt x 317.185pt>
File: SBM_A.pdf Graphic file (type pdf)
 <use SBM_A.pdf>
Package pdftex.def Info: SBM_A.pdf used on input line 304.
(pdftex.def)             Requested size: 160.16566pt x 155.24895pt.

Overfull \hbox (4.91672pt too wide) in paragraph at lines 304--305
 [][] 
 []

<SBM_Phat.pdf, id=237, 289.08pt x 317.185pt>
File: SBM_Phat.pdf Graphic file (type pdf)
 <use SBM_Phat.pdf>
Package pdftex.def Info: SBM_Phat.pdf used on input line 308.
(pdftex.def)             Requested size: 141.49605pt x 155.24895pt.

<SBM_Abar.pdf, id=238, 327.2225pt x 317.185pt>
File: SBM_Abar.pdf Graphic file (type pdf)
 <use SBM_Abar.pdf>
Package pdftex.def Info: SBM_Abar.pdf used on input line 312.
(pdftex.def)             Requested size: 160.16566pt x 155.24895pt.

Overfull \hbox (4.91672pt too wide) in paragraph at lines 312--313
 [][] 
 []

[7] [8 <./SBM_P.pdf> <./SBM_A.pdf> <./SBM_Phat.pdf> <./SBM_Abar.pdf>]
Package hyperref Info: bookmark level for unknown algorithm defaults to 0 on in
put line 347.
 [9]
[10] [11] <Rho.pdf, id=343, 361.35pt x 180.675pt>
File: Rho.pdf Graphic file (type pdf)
 <use Rho.pdf>
Package pdftex.def Info: Rho.pdf used on input line 517.
(pdftex.def)             Requested size: 345.0pt x 172.5004pt.
 [12]
Overfull \hbox (0.77757pt too wide) in paragraph at lines 557--559
[][]\OT1/cmr/bx/n/10 Proposition 4.3. []\OT1/cmr/m/it/10 Sup-pose that $\OML/cm
m/m/it/10 A[]; A[]; [] ; A[]$ \OT1/cmr/m/it/10 are in-de-pen-dently and iden-
 []

[13 <./Rho.pdf>] <RE.pdf, id=373, 361.35pt x 144.54pt>
File: RE.pdf Graphic file (type pdf)
 <use RE.pdf>
Package pdftex.def Info: RE.pdf used on input line 583.
(pdftex.def)             Requested size: 345.0pt x 138.00032pt.

<scaled_RE.pdf, id=374, 361.35pt x 216.81pt>
File: scaled_RE.pdf Graphic file (type pdf)
 <use scaled_RE.pdf>
Package pdftex.def Info: scaled_RE.pdf used on input line 584.
(pdftex.def)             Requested size: 345.0pt x 207.00049pt.
 [14] [15 <./RE.pdf> <./scaled_RE.pdf>] [16] <screeplot_JHU.pdf, id=427, 144.54
pt x 144.54pt>
File: screeplot_JHU.pdf Graphic file (type pdf)

<use screeplot_JHU.pdf>
Package pdftex.def Info: screeplot_JHU.pdf used on input line 656.
(pdftex.def)             Requested size: 109.99709pt x 109.99832pt.
 <screeplot_desikan.pdf, id=428, 144.54pt x 144.54pt>
File: screeplot_desikan.pdf Graphic file (type pdf)

<use screeplot_desikan.pdf>
Package pdftex.def Info: screeplot_desikan.pdf used on input line 657.
(pdftex.def)             Requested size: 109.99709pt x 109.99832pt.

<screeplot_CPAC200.pdf, id=429, 144.54pt x 144.54pt>
File: screeplot_CPAC200.pdf Graphic file (type pdf)

<use screeplot_CPAC200.pdf>
Package pdftex.def Info: screeplot_CPAC200.pdf used on input line 658.
(pdftex.def)             Requested size: 109.99709pt x 109.99832pt.
 <hist_JHU.pdf, id=430, 144.54pt x 144.54pt>
File: hist_JHU.pdf Graphic file (type pdf)

<use hist_JHU.pdf>
Package pdftex.def Info: hist_JHU.pdf used on input line 667.
(pdftex.def)             Requested size: 109.99709pt x 109.99832pt.
 <hist_desikan.pdf, id=431, 144.54pt x 144.54pt>
File: hist_desikan.pdf Graphic file (type pdf)

<use hist_desikan.pdf>
Package pdftex.def Info: hist_desikan.pdf used on input line 668.
(pdftex.def)             Requested size: 109.99709pt x 109.99832pt.
 <hist_CPAC200.pdf, id=432, 144.54pt x 144.54pt>
File: hist_CPAC200.pdf Graphic file (type pdf)

<use hist_CPAC200.pdf>
Package pdftex.def Info: hist_CPAC200.pdf used on input line 669.
(pdftex.def)             Requested size: 109.99709pt x 109.99832pt.
 [17 <./screeplot_JHU.pdf> <./screeplot_desikan.pdf> <./screeplot_CPAC200.pdf>]
 [18 <./hist_JHU.pdf> <./hist_desikan.pdf> <./hist_CPAC200.pdf>] <corr_data_MSE
_jhu.pdf, id=488, 397.485pt x 144.54pt>
File: corr_data_MSE_jhu.pdf Graphic file (type pdf)

<use corr_data_MSE_jhu.pdf>
Package pdftex.def Info: corr_data_MSE_jhu.pdf used on input line 718.
(pdftex.def)             Requested size: 341.5519pt x 124.20491pt.

<corr_data_MSE_desikan.pdf, id=489, 397.485pt x 144.54pt>
File: corr_data_MSE_desikan.pdf Graphic file (type pdf)

<use corr_data_MSE_desikan.pdf>
Package pdftex.def Info: corr_data_MSE_desikan.pdf used on input line 719.
(pdftex.def)             Requested size: 341.5519pt x 124.20491pt.

<corr_data_MSE_CPAC200.pdf, id=490, 397.485pt x 180.675pt>
File: corr_data_MSE_CPAC200.pdf Graphic file (type pdf)

<use corr_data_MSE_CPAC200.pdf>
Package pdftex.def Info: corr_data_MSE_CPAC200.pdf used on input line 720.
(pdftex.def)             Requested size: 341.5519pt x 155.25615pt.
 [19] [20 <./corr_data_MSE_jhu.pdf> <./corr_data_MSE_desikan.pdf> <./corr_data_
MSE_CPAC200.pdf>]
<Diff2_desikan_m5.pdf, id=535, 289.08pt x 252.945pt>
File: Diff2_desikan_m5.pdf Graphic file (type pdf)

<use Diff2_desikan_m5.pdf>
Package pdftex.def Info: Diff2_desikan_m5.pdf used on input line 813.
(pdftex.def)             Requested size: 130.11566pt x 113.85063pt.

<Diff3_desikan_m5.pdf, id=536, 325.215pt x 252.945pt>
File: Diff3_desikan_m5.pdf Graphic file (type pdf)

<use Diff3_desikan_m5.pdf>
Package pdftex.def Info: Diff3_desikan_m5.pdf used on input line 814.
(pdftex.def)             Requested size: 146.38013pt x 113.85063pt.

<Diff1_desikan_m5.pdf, id=537, 289.08pt x 252.945pt>
File: Diff1_desikan_m5.pdf Graphic file (type pdf)

<use Diff1_desikan_m5.pdf>
Package pdftex.def Info: Diff1_desikan_m5.pdf used on input line 815.
(pdftex.def)             Requested size: 130.11566pt x 113.85063pt.

<Diff_between_desikan.png, id=538, 1146.53343pt x 359.09157pt>
File: Diff_between_desikan.png Graphic file (type png)

<use Diff_between_desikan.png>
Package pdftex.def Info: Diff_between_desikan.png used on input line 827.
(pdftex.def)             Requested size: 345.0pt x 108.05157pt.
 [21] [22 <./Diff2_desikan_m5.pdf> <./Diff3_desikan_m5.pdf> <./Diff1_desikan_m5
.pdf> <./Diff_between_desikan.png>] [23]
<sim_desikan.pdf, id=587, 397.485pt x 180.675pt>
File: sim_desikan.pdf Graphic file (type pdf)
 <use sim_desikan.pdf>
Package pdftex.def Info: sim_desikan.pdf used on input line 907.
(pdftex.def)             Requested size: 345.0pt x 156.82205pt.
 [24 <./sim_desikan.pdf>] <eigenvector.pdf, id=606, 252.945pt x 469.755pt>
File: eigenvector.pdf Graphic file (type pdf)

<use eigenvector.pdf>
Package pdftex.def Info: eigenvector.pdf used on input line 939.
(pdftex.def)             Requested size: 276.00105pt x 512.58191pt.


LaTeX Warning: Float too large for page by 21.93195pt on input line 943.

<desikan2.png, id=607, 602.25pt x 602.25pt>
File: desikan2.png Graphic file (type png)
 <use desikan2.png>
Package pdftex.def Info: desikan2.png used on input line 947.
(pdftex.def)             Requested size: 137.99997pt x 137.9979pt.

<desikan0.png, id=608, 602.25pt x 602.25pt>
File: desikan0.png Graphic file (type png)
 <use desikan0.png>
Package pdftex.def Info: desikan0.png used on input line 948.
(pdftex.def)             Requested size: 137.99997pt x 137.9979pt.

<desikan.png, id=609, 602.25pt x 602.25pt>
File: desikan.png Graphic file (type png)
 <use desikan.png>
Package pdftex.def Info: desikan.png used on input line 949.
(pdftex.def)             Requested size: 137.99997pt x 137.9979pt.
 [25] [26 <./eigenvector.pdf>] [27 <./desikan2.png (PNG copy)> <./desikan0.png>
 <./desikan.png (PNG copy)>] [28] (./neuroimage_revise.bbl
(/usr/local/texlive/2014/texmf-dist/tex/latex/ucs/data/uni-32.def
File: uni-32.def 2013/05/13 UCS: Unicode data U+2000..U+20FF
) [29]
[30] [31]) [32]
Overfull \hbox (27.36919pt too wide) detected at line 1091
[] [] [] \OT1/cmr/m/n/10 = ^^H(\OML/cmm/m/it/10 z; \OT1/cmr/m/n/10 ^^F(\OML/cmm
/m/it/10 ^^W[]\OT1/cmr/m/n/10 )\OML/cmm/m/it/10 =M\OT1/cmr/m/n/10 )^^H(\OML/cmm
/m/it/10 z[]; \OT1/cmr/m/n/10 ^^F(\OML/cmm/m/it/10 ^^W[]\OT1/cmr/m/n/10 )\OML/c
mm/m/it/10 =M\OT1/cmr/m/n/10 ) + \OML/cmm/m/it/10 o\OT1/cmr/m/n/10 (1)
 []

[33] [34]
Package atveryend Info: Empty hook `BeforeClearDocument' on input line 1230.
 [35]
Package atveryend Info: Empty hook `AfterLastShipout' on input line 1230.
 (./neuroimage_revise.aux)
Package atveryend Info: Executing hook `AtVeryEndDocument' on input line 1230.
Package atveryend Info: Executing hook `AtEndAfterFileList' on input line 1230.

Package rerunfilecheck Info: File `neuroimage_revise.out' has not changed.
(rerunfilecheck)             Checksum: C4139A34596D6F08D0023C4CA665F381;1339.


LaTeX Warning: Label(s) may have changed. Rerun to get cross-references right.

Package atveryend Info: Empty hook `AtVeryVeryEnd' on input line 1230.
 ) 
Here is how much of TeX's memory you used:
 9537 strings out of 493117
 141078 string characters out of 6135433
 263438 words of memory out of 5000000
 12678 multiletter control sequences out of 15000+600000
 17835 words of font info for 66 fonts, out of 8000000 for 9000
 1141 hyphenation exceptions out of 8191
 42i,11n,40p,1754b,515s stack positions out of 5000i,500n,10000p,200000b,80000s
</usr/local/texlive/2014/texmf-dist/fonts/type1/public/amsfonts/cm/cmbsy10.pf
b></usr/local/texlive/2014/texmf-dist/fonts/type1/public/amsfonts/cm/cmbx10.pfb
></usr/local/texlive/2014/texmf-dist/fonts/type1/public/amsfonts/cm/cmbx12.pfb>
</usr/local/texlive/2014/texmf-dist/fonts/type1/public/amsfonts/cm/cmbx8.pfb></
usr/local/texlive/2014/texmf-dist/fonts/type1/public/amsfonts/cm/cmbx9.pfb></us
r/local/texlive/2014/texmf-dist/fonts/type1/public/amsfonts/cm/cmex10.pfb></usr
/local/texlive/2014/texmf-dist/fonts/type1/public/amsfonts/cmextra/cmex7.pfb></
usr/local/texlive/2014/texmf-dist/fonts/type1/public/amsfonts/cm/cmmi10.pfb></u
sr/local/texlive/2014/texmf-dist/fonts/type1/public/amsfonts/cm/cmmi12.pfb></us
r/local/texlive/2014/texmf-dist/fonts/type1/public/amsfonts/cm/cmmi5.pfb></usr/
local/texlive/2014/texmf-dist/fonts/type1/public/amsfonts/cm/cmmi7.pfb></usr/lo
cal/texlive/2014/texmf-dist/fonts/type1/public/amsfonts/cm/cmmib10.pfb></usr/lo
cal/texlive/2014/texmf-dist/fonts/type1/public/amsfonts/cmextra/cmmib7.pfb></us
r/local/texlive/2014/texmf-dist/fonts/type1/public/amsfonts/cm/cmr10.pfb></usr/
local/texlive/2014/texmf-dist/fonts/type1/public/amsfonts/cm/cmr12.pfb></usr/lo
cal/texlive/2014/texmf-dist/fonts/type1/public/amsfonts/cm/cmr17.pfb></usr/loca
l/texlive/2014/texmf-dist/fonts/type1/public/amsfonts/cm/cmr5.pfb></usr/local/t
exlive/2014/texmf-dist/fonts/type1/public/amsfonts/cm/cmr7.pfb></usr/local/texl
ive/2014/texmf-dist/fonts/type1/public/amsfonts/cm/cmr8.pfb></usr/local/texlive
/2014/texmf-dist/fonts/type1/public/amsfonts/cm/cmr9.pfb></usr/local/texlive/20
14/texmf-dist/fonts/type1/public/amsfonts/cm/cmss8.pfb></usr/local/texlive/2014
/texmf-dist/fonts/type1/public/amsfonts/cm/cmsy10.pfb></usr/local/texlive/2014/
texmf-dist/fonts/type1/public/amsfonts/cm/cmsy5.pfb></usr/local/texlive/2014/te
xmf-dist/fonts/type1/public/amsfonts/cm/cmsy7.pfb></usr/local/texlive/2014/texm
f-dist/fonts/type1/public/amsfonts/cm/cmti10.pfb></usr/local/texlive/2014/texmf
-dist/fonts/type1/public/amsfonts/cm/cmtt10.pfb></usr/local/texlive/2014/texmf-
dist/fonts/type1/public/amsfonts/symbols/msbm10.pfb>
Output written on neuroimage_revise.pdf (35 pages, 1674781 bytes).
PDF statistics:
 842 PDF objects out of 1000 (max. 8388607)
 707 compressed objects within 8 object streams
 133 named destinations out of 1000 (max. 500000)
 301 words of extra memory for PDF output out of 10000 (max. 10000000)

