\BOOKMARK [1][-]{section.1}{Introduction}{}% 1
\BOOKMARK [1][-]{section.2}{Models}{}% 2
\BOOKMARK [2][-]{subsection.2.1}{Independent Edge Model}{section.2}% 3
\BOOKMARK [2][-]{subsection.2.2}{Random Dot Product Graph}{section.2}% 4
\BOOKMARK [2][-]{subsection.2.3}{Stochastic Blockmodel as a Random Dot Product Graph}{section.2}% 5
\BOOKMARK [1][-]{section.3}{Estimators}{}% 6
\BOOKMARK [2][-]{subsection.3.1}{Element-wise sample mean}{section.3}% 7
\BOOKMARK [2][-]{subsection.3.2}{Low-Rank Estimator}{section.3}% 8
\BOOKMARK [1][-]{section.4}{Results}{}% 9
\BOOKMARK [2][-]{subsection.4.1}{Asymptotic Theory}{section.4}% 10
\BOOKMARK [2][-]{subsection.4.2}{Finite Sample Toy Model Simulations}{section.4}% 11
\BOOKMARK [2][-]{subsection.4.3}{CoRR Brain Graphs: Cross-Validation}{section.4}% 12
\BOOKMARK [2][-]{subsection.4.4}{Synthetic Data Analysis for Full Rank IEM}{section.4}% 13
\BOOKMARK [1][-]{section.5}{Discussion}{}% 14
\BOOKMARK [1][-]{section.6}{Methods}{}% 15
\BOOKMARK [2][-]{subsection.6.1}{Choosing Dimension}{section.6}% 16
\BOOKMARK [2][-]{subsection.6.2}{Graph Diagonal Augmentation}{section.6}% 17
\BOOKMARK [2][-]{subsection.6.3}{Dataset Description}{section.6}% 18
\BOOKMARK [2][-]{subsection.6.4}{Outline for the Proof of the Theorems}{section.6}% 19
\BOOKMARK [1][-]{appendix.A}{Proofs for Theory Results}{}% 20
