This is pdfTeX, Version 3.14159265-2.6-1.40.15 (TeX Live 2014) (preloaded format=pdflatex 2014.5.25)  24 AUG 2016 15:36
entering extended mode
 restricted \write18 enabled.
 file:line:error style messages enabled.
 %&-line parsing enabled.
**plos_submission.tex
(./plos_submission.tex
LaTeX2e <2014/05/01>
Babel <3.9k> and hyphenation patterns for 78 languages loaded.
(/usr/local/texlive/2014/texmf-dist/tex/latex/base/article.cls
Document Class: article 2007/10/19 v1.4h Standard LaTeX document class
(/usr/local/texlive/2014/texmf-dist/tex/latex/base/size10.clo
File: size10.clo 2007/10/19 v1.4h Standard LaTeX file (size option)
)
\c@part=\count79
\c@section=\count80
\c@subsection=\count81
\c@subsubsection=\count82
\c@paragraph=\count83
\c@subparagraph=\count84
\c@figure=\count85
\c@table=\count86
\abovecaptionskip=\skip41
\belowcaptionskip=\skip42
\bibindent=\dimen102
)
(/usr/local/texlive/2014/texmf-dist/tex/latex/geometry/geometry.sty
Package: geometry 2010/09/12 v5.6 Page Geometry

(/usr/local/texlive/2014/texmf-dist/tex/latex/graphics/keyval.sty
Package: keyval 2014/05/08 v1.15 key=value parser (DPC)
\KV@toks@=\toks14
)
(/usr/local/texlive/2014/texmf-dist/tex/generic/oberdiek/ifpdf.sty
Package: ifpdf 2011/01/30 v2.3 Provides the ifpdf switch (HO)
Package ifpdf Info: pdfTeX in PDF mode is detected.
)
(/usr/local/texlive/2014/texmf-dist/tex/generic/oberdiek/ifvtex.sty
Package: ifvtex 2010/03/01 v1.5 Detect VTeX and its facilities (HO)
Package ifvtex Info: VTeX not detected.
)
(/usr/local/texlive/2014/texmf-dist/tex/generic/ifxetex/ifxetex.sty
Package: ifxetex 2010/09/12 v0.6 Provides ifxetex conditional
)
\Gm@cnth=\count87
\Gm@cntv=\count88
\c@Gm@tempcnt=\count89
\Gm@bindingoffset=\dimen103
\Gm@wd@mp=\dimen104
\Gm@odd@mp=\dimen105
\Gm@even@mp=\dimen106
\Gm@layoutwidth=\dimen107
\Gm@layoutheight=\dimen108
\Gm@layouthoffset=\dimen109
\Gm@layoutvoffset=\dimen110
\Gm@dimlist=\toks15
)
(/usr/local/texlive/2014/texmf-dist/tex/latex/amsmath/amsmath.sty
Package: amsmath 2013/01/14 v2.14 AMS math features
\@mathmargin=\skip43

For additional information on amsmath, use the `?' option.
(/usr/local/texlive/2014/texmf-dist/tex/latex/amsmath/amstext.sty
Package: amstext 2000/06/29 v2.01

(/usr/local/texlive/2014/texmf-dist/tex/latex/amsmath/amsgen.sty
File: amsgen.sty 1999/11/30 v2.0
\@emptytoks=\toks16
\ex@=\dimen111
))
(/usr/local/texlive/2014/texmf-dist/tex/latex/amsmath/amsbsy.sty
Package: amsbsy 1999/11/29 v1.2d
\pmbraise@=\dimen112
)
(/usr/local/texlive/2014/texmf-dist/tex/latex/amsmath/amsopn.sty
Package: amsopn 1999/12/14 v2.01 operator names
)
\inf@bad=\count90
LaTeX Info: Redefining \frac on input line 210.
\uproot@=\count91
\leftroot@=\count92
LaTeX Info: Redefining \overline on input line 306.
\classnum@=\count93
\DOTSCASE@=\count94
LaTeX Info: Redefining \ldots on input line 378.
LaTeX Info: Redefining \dots on input line 381.
LaTeX Info: Redefining \cdots on input line 466.
\Mathstrutbox@=\box26
\strutbox@=\box27
\big@size=\dimen113
LaTeX Font Info:    Redeclaring font encoding OML on input line 566.
LaTeX Font Info:    Redeclaring font encoding OMS on input line 567.
\macc@depth=\count95
\c@MaxMatrixCols=\count96
\dotsspace@=\muskip10
\c@parentequation=\count97
\dspbrk@lvl=\count98
\tag@help=\toks17
\row@=\count99
\column@=\count100
\maxfields@=\count101
\andhelp@=\toks18
\eqnshift@=\dimen114
\alignsep@=\dimen115
\tagshift@=\dimen116
\tagwidth@=\dimen117
\totwidth@=\dimen118
\lineht@=\dimen119
\@envbody=\toks19
\multlinegap=\skip44
\multlinetaggap=\skip45
\mathdisplay@stack=\toks20
LaTeX Info: Redefining \[ on input line 2665.
LaTeX Info: Redefining \] on input line 2666.
)
(/usr/local/texlive/2014/texmf-dist/tex/latex/amsfonts/amssymb.sty
Package: amssymb 2013/01/14 v3.01 AMS font symbols

(/usr/local/texlive/2014/texmf-dist/tex/latex/amsfonts/amsfonts.sty
Package: amsfonts 2013/01/14 v3.01 Basic AMSFonts support
\symAMSa=\mathgroup4
\symAMSb=\mathgroup5
LaTeX Font Info:    Overwriting math alphabet `\mathfrak' in version `bold'
(Font)                  U/euf/m/n --> U/euf/b/n on input line 106.
))
(/usr/local/texlive/2014/texmf-dist/tex/latex/amscls/amsthm.sty
Package: amsthm 2004/08/06 v2.20
\thm@style=\toks21
\thm@bodyfont=\toks22
\thm@headfont=\toks23
\thm@notefont=\toks24
\thm@headpunct=\toks25
\thm@preskip=\skip46
\thm@postskip=\skip47
\thm@headsep=\skip48
\dth@everypar=\toks26
)
(/usr/local/texlive/2014/texmf-dist/tex/latex/changepage/changepage.sty
Package: changepage 2009/10/20 v1.0c check page and change page layout
\c@cp@cntr=\count102
\cp@tempcnt=\count103
)
(/usr/local/texlive/2014/texmf-dist/tex/latex/base/inputenc.sty
Package: inputenc 2014/04/30 v1.2b Input encoding file
\inpenc@prehook=\toks27
\inpenc@posthook=\toks28

(/usr/local/texlive/2014/texmf-dist/tex/latex/ucs/utf8x.def
File: utf8x.def 2004/10/17 UCS: Input encoding UTF-8
))
(/usr/local/texlive/2014/texmf-dist/tex/latex/ucs/ucs.sty
Package: ucs 2013/05/11 v2.2 UCS: Unicode input support

(/usr/local/texlive/2014/texmf-dist/tex/latex/ucs/data/uni-global.def
File: uni-global.def 2013/05/13 UCS: Unicode global data
)
\uc@secondtry=\count104
\uc@combtoks=\toks29
\uc@combtoksb=\toks30
\uc@temptokena=\toks31
)
(/usr/local/texlive/2014/texmf-dist/tex/latex/base/textcomp.sty
Package: textcomp 2005/09/27 v1.99g Standard LaTeX package
Package textcomp Info: Sub-encoding information:
(textcomp)               5 = only ISO-Adobe without \textcurrency
(textcomp)               4 = 5 + \texteuro
(textcomp)               3 = 4 + \textohm
(textcomp)               2 = 3 + \textestimated + \textcurrency
(textcomp)               1 = TS1 - \textcircled - \t
(textcomp)               0 = TS1 (full)
(textcomp)             Font families with sub-encoding setting implement
(textcomp)             only a restricted character set as indicated.
(textcomp)             Family '?' is the default used for unknown fonts.
(textcomp)             See the documentation for details.
Package textcomp Info: Setting ? sub-encoding to TS1/1 on input line 71.

(/usr/local/texlive/2014/texmf-dist/tex/latex/base/ts1enc.def
File: ts1enc.def 2001/06/05 v3.0e (jk/car/fm) Standard LaTeX file
)
LaTeX Info: Redefining \oldstylenums on input line 266.
Package textcomp Info: Setting cmr sub-encoding to TS1/0 on input line 281.
Package textcomp Info: Setting cmss sub-encoding to TS1/0 on input line 282.
Package textcomp Info: Setting cmtt sub-encoding to TS1/0 on input line 283.
Package textcomp Info: Setting cmvtt sub-encoding to TS1/0 on input line 284.
Package textcomp Info: Setting cmbr sub-encoding to TS1/0 on input line 285.
Package textcomp Info: Setting cmtl sub-encoding to TS1/0 on input line 286.
Package textcomp Info: Setting ccr sub-encoding to TS1/0 on input line 287.
Package textcomp Info: Setting ptm sub-encoding to TS1/4 on input line 288.
Package textcomp Info: Setting pcr sub-encoding to TS1/4 on input line 289.
Package textcomp Info: Setting phv sub-encoding to TS1/4 on input line 290.
Package textcomp Info: Setting ppl sub-encoding to TS1/3 on input line 291.
Package textcomp Info: Setting pag sub-encoding to TS1/4 on input line 292.
Package textcomp Info: Setting pbk sub-encoding to TS1/4 on input line 293.
Package textcomp Info: Setting pnc sub-encoding to TS1/4 on input line 294.
Package textcomp Info: Setting pzc sub-encoding to TS1/4 on input line 295.
Package textcomp Info: Setting bch sub-encoding to TS1/4 on input line 296.
Package textcomp Info: Setting put sub-encoding to TS1/5 on input line 297.
Package textcomp Info: Setting uag sub-encoding to TS1/5 on input line 298.
Package textcomp Info: Setting ugq sub-encoding to TS1/5 on input line 299.
Package textcomp Info: Setting ul8 sub-encoding to TS1/4 on input line 300.
Package textcomp Info: Setting ul9 sub-encoding to TS1/4 on input line 301.
Package textcomp Info: Setting augie sub-encoding to TS1/5 on input line 302.
Package textcomp Info: Setting dayrom sub-encoding to TS1/3 on input line 303.
Package textcomp Info: Setting dayroms sub-encoding to TS1/3 on input line 304.

Package textcomp Info: Setting pxr sub-encoding to TS1/0 on input line 305.
Package textcomp Info: Setting pxss sub-encoding to TS1/0 on input line 306.
Package textcomp Info: Setting pxtt sub-encoding to TS1/0 on input line 307.
Package textcomp Info: Setting txr sub-encoding to TS1/0 on input line 308.
Package textcomp Info: Setting txss sub-encoding to TS1/0 on input line 309.
Package textcomp Info: Setting txtt sub-encoding to TS1/0 on input line 310.
Package textcomp Info: Setting lmr sub-encoding to TS1/0 on input line 311.
Package textcomp Info: Setting lmdh sub-encoding to TS1/0 on input line 312.
Package textcomp Info: Setting lmss sub-encoding to TS1/0 on input line 313.
Package textcomp Info: Setting lmssq sub-encoding to TS1/0 on input line 314.
Package textcomp Info: Setting lmvtt sub-encoding to TS1/0 on input line 315.
Package textcomp Info: Setting qhv sub-encoding to TS1/0 on input line 316.
Package textcomp Info: Setting qag sub-encoding to TS1/0 on input line 317.
Package textcomp Info: Setting qbk sub-encoding to TS1/0 on input line 318.
Package textcomp Info: Setting qcr sub-encoding to TS1/0 on input line 319.
Package textcomp Info: Setting qcs sub-encoding to TS1/0 on input line 320.
Package textcomp Info: Setting qpl sub-encoding to TS1/0 on input line 321.
Package textcomp Info: Setting qtm sub-encoding to TS1/0 on input line 322.
Package textcomp Info: Setting qzc sub-encoding to TS1/0 on input line 323.
Package textcomp Info: Setting qhvc sub-encoding to TS1/0 on input line 324.
Package textcomp Info: Setting futs sub-encoding to TS1/4 on input line 325.
Package textcomp Info: Setting futx sub-encoding to TS1/4 on input line 326.
Package textcomp Info: Setting futj sub-encoding to TS1/4 on input line 327.
Package textcomp Info: Setting hlh sub-encoding to TS1/3 on input line 328.
Package textcomp Info: Setting hls sub-encoding to TS1/3 on input line 329.
Package textcomp Info: Setting hlst sub-encoding to TS1/3 on input line 330.
Package textcomp Info: Setting hlct sub-encoding to TS1/5 on input line 331.
Package textcomp Info: Setting hlx sub-encoding to TS1/5 on input line 332.
Package textcomp Info: Setting hlce sub-encoding to TS1/5 on input line 333.
Package textcomp Info: Setting hlcn sub-encoding to TS1/5 on input line 334.
Package textcomp Info: Setting hlcw sub-encoding to TS1/5 on input line 335.
Package textcomp Info: Setting hlcf sub-encoding to TS1/5 on input line 336.
Package textcomp Info: Setting pplx sub-encoding to TS1/3 on input line 337.
Package textcomp Info: Setting pplj sub-encoding to TS1/3 on input line 338.
Package textcomp Info: Setting ptmx sub-encoding to TS1/4 on input line 339.
Package textcomp Info: Setting ptmj sub-encoding to TS1/4 on input line 340.
)
(/usr/local/texlive/2014/texmf-dist/tex/latex/marvosym/marvosym.sty
Package: marvosym 2011/07/20 v2.2 Martin Vogel's Symbols font definitions
)
(/usr/local/texlive/2014/texmf-dist/tex/latex/cite/cite.sty
LaTeX Info: Redefining \cite on input line 302.
LaTeX Info: Redefining \nocite on input line 373.
Package: cite 2010/09/10  v 5.3
)
(/usr/local/texlive/2014/texmf-dist/tex/latex/hyperref/nameref.sty
Package: nameref 2012/10/27 v2.43 Cross-referencing by name of section

(/usr/local/texlive/2014/texmf-dist/tex/latex/oberdiek/refcount.sty
Package: refcount 2011/10/16 v3.4 Data extraction from label references (HO)

(/usr/local/texlive/2014/texmf-dist/tex/generic/oberdiek/ltxcmds.sty
Package: ltxcmds 2011/11/09 v1.22 LaTeX kernel commands for general use (HO)
)
(/usr/local/texlive/2014/texmf-dist/tex/generic/oberdiek/infwarerr.sty
Package: infwarerr 2010/04/08 v1.3 Providing info/warning/error messages (HO)
))
(/usr/local/texlive/2014/texmf-dist/tex/generic/oberdiek/gettitlestring.sty
Package: gettitlestring 2010/12/03 v1.4 Cleanup title references (HO)

(/usr/local/texlive/2014/texmf-dist/tex/latex/oberdiek/kvoptions.sty
Package: kvoptions 2011/06/30 v3.11 Key value format for package options (HO)

(/usr/local/texlive/2014/texmf-dist/tex/generic/oberdiek/kvsetkeys.sty
Package: kvsetkeys 2012/04/25 v1.16 Key value parser (HO)

(/usr/local/texlive/2014/texmf-dist/tex/generic/oberdiek/etexcmds.sty
Package: etexcmds 2011/02/16 v1.5 Avoid name clashes with e-TeX commands (HO)

(/usr/local/texlive/2014/texmf-dist/tex/generic/oberdiek/ifluatex.sty
Package: ifluatex 2010/03/01 v1.3 Provides the ifluatex switch (HO)
Package ifluatex Info: LuaTeX not detected.
)
Package etexcmds Info: Could not find \expanded.
(etexcmds)             That can mean that you are not using pdfTeX 1.50 or
(etexcmds)             that some package has redefined \expanded.
(etexcmds)             In the latter case, load this package earlier.
))))
\c@section@level=\count105
LaTeX Info: Redefining \ref on input line 353.
LaTeX Info: Redefining \pageref on input line 353.
)
(/usr/local/texlive/2014/texmf-dist/tex/latex/hyperref/hyperref.sty
Package: hyperref 2012/11/06 v6.83m Hypertext links for LaTeX

(/usr/local/texlive/2014/texmf-dist/tex/generic/oberdiek/hobsub-hyperref.sty
Package: hobsub-hyperref 2012/05/28 v1.13 Bundle oberdiek, subset hyperref (HO)


(/usr/local/texlive/2014/texmf-dist/tex/generic/oberdiek/hobsub-generic.sty
Package: hobsub-generic 2012/05/28 v1.13 Bundle oberdiek, subset generic (HO)
Package: hobsub 2012/05/28 v1.13 Construct package bundles (HO)
Package hobsub Info: Skipping package `infwarerr' (already loaded).
Package hobsub Info: Skipping package `ltxcmds' (already loaded).
Package hobsub Info: Skipping package `ifluatex' (already loaded).
Package hobsub Info: Skipping package `ifvtex' (already loaded).
Package: intcalc 2007/09/27 v1.1 Expandable calculations with integers (HO)
Package hobsub Info: Skipping package `ifpdf' (already loaded).
Package hobsub Info: Skipping package `etexcmds' (already loaded).
Package hobsub Info: Skipping package `kvsetkeys' (already loaded).
Package: kvdefinekeys 2011/04/07 v1.3 Define keys (HO)
Package: pdftexcmds 2011/11/29 v0.20 Utility functions of pdfTeX for LuaTeX (HO
)
Package pdftexcmds Info: LuaTeX not detected.
Package pdftexcmds Info: \pdf@primitive is available.
Package pdftexcmds Info: \pdf@ifprimitive is available.
Package pdftexcmds Info: \pdfdraftmode found.
Package: pdfescape 2011/11/25 v1.13 Implements pdfTeX's escape features (HO)
Package: bigintcalc 2012/04/08 v1.3 Expandable calculations on big integers (HO
)
Package: bitset 2011/01/30 v1.1 Handle bit-vector datatype (HO)
Package: uniquecounter 2011/01/30 v1.2 Provide unlimited unique counter (HO)
)
Package hobsub Info: Skipping package `hobsub' (already loaded).
Package: letltxmacro 2010/09/02 v1.4 Let assignment for LaTeX macros (HO)
Package: hopatch 2012/05/28 v1.2 Wrapper for package hooks (HO)
Package: xcolor-patch 2011/01/30 xcolor patch
Package: atveryend 2011/06/30 v1.8 Hooks at the very end of document (HO)
Package atveryend Info: \enddocument detected (standard20110627).
Package: atbegshi 2011/10/05 v1.16 At begin shipout hook (HO)
Package hobsub Info: Skipping package `refcount' (already loaded).
Package: hycolor 2011/01/30 v1.7 Color options for hyperref/bookmark (HO)
)
(/usr/local/texlive/2014/texmf-dist/tex/latex/oberdiek/auxhook.sty
Package: auxhook 2011/03/04 v1.3 Hooks for auxiliary files (HO)
)
\@linkdim=\dimen120
\Hy@linkcounter=\count106
\Hy@pagecounter=\count107

(/usr/local/texlive/2014/texmf-dist/tex/latex/hyperref/pd1enc.def
File: pd1enc.def 2012/11/06 v6.83m Hyperref: PDFDocEncoding definition (HO)
)
\Hy@SavedSpaceFactor=\count108

(/usr/local/texlive/2014/texmf-dist/tex/latex/latexconfig/hyperref.cfg
File: hyperref.cfg 2002/06/06 v1.2 hyperref configuration of TeXLive
)
Package hyperref Info: Hyper figures OFF on input line 4443.
Package hyperref Info: Link nesting OFF on input line 4448.
Package hyperref Info: Hyper index ON on input line 4451.
Package hyperref Info: Plain pages OFF on input line 4458.
Package hyperref Info: Backreferencing OFF on input line 4463.
Package hyperref Info: Implicit mode ON; LaTeX internals redefined.
Package hyperref Info: Bookmarks ON on input line 4688.
\c@Hy@tempcnt=\count109

(/usr/local/texlive/2014/texmf-dist/tex/latex/url/url.sty
\Urlmuskip=\muskip11
Package: url 2013/09/16  ver 3.4  Verb mode for urls, etc.
)
LaTeX Info: Redefining \url on input line 5041.
\XeTeXLinkMargin=\dimen121
\Fld@menulength=\count110
\Field@Width=\dimen122
\Fld@charsize=\dimen123
Package hyperref Info: Hyper figures OFF on input line 6295.
Package hyperref Info: Link nesting OFF on input line 6300.
Package hyperref Info: Hyper index ON on input line 6303.
Package hyperref Info: backreferencing OFF on input line 6310.
Package hyperref Info: Link coloring OFF on input line 6315.
Package hyperref Info: Link coloring with OCG OFF on input line 6320.
Package hyperref Info: PDF/A mode OFF on input line 6325.
LaTeX Info: Redefining \ref on input line 6365.
LaTeX Info: Redefining \pageref on input line 6369.
\Hy@abspage=\count111
\c@Item=\count112
\c@Hfootnote=\count113
)

Package hyperref Message: Driver (autodetected): hpdftex.

(/usr/local/texlive/2014/texmf-dist/tex/latex/hyperref/hpdftex.def
File: hpdftex.def 2012/11/06 v6.83m Hyperref driver for pdfTeX
\Fld@listcount=\count114
\c@bookmark@seq@number=\count115

(/usr/local/texlive/2014/texmf-dist/tex/latex/oberdiek/rerunfilecheck.sty
Package: rerunfilecheck 2011/04/15 v1.7 Rerun checks for auxiliary files (HO)
Package uniquecounter Info: New unique counter `rerunfilecheck' on input line 2
82.
)
\Hy@SectionHShift=\skip49
)
(/usr/local/texlive/2014/texmf-dist/tex/latex/lineno/lineno.sty
Package: lineno 2005/11/02 line numbers on paragraphs v4.41
\linenopenalty=\count116
\output=\toks32
\linenoprevgraf=\count117
\linenumbersep=\dimen124
\linenumberwidth=\dimen125
\c@linenumber=\count118
\c@pagewiselinenumber=\count119
\c@LN@truepage=\count120
\c@internallinenumber=\count121
\c@internallinenumbers=\count122
\quotelinenumbersep=\dimen126
\bframerule=\dimen127
\bframesep=\dimen128
\bframebox=\box28
LaTeX Info: Redefining \\ on input line 3056.
)
(/usr/local/texlive/2014/texmf-dist/tex/latex/microtype/microtype.sty
Package: microtype 2013/05/23 v2.5a Micro-typographical refinements (RS)
\MT@toks=\toks33
\MT@count=\count123
LaTeX Info: Redefining \textls on input line 766.
\MT@outer@kern=\dimen129
LaTeX Info: Redefining \textmicrotypecontext on input line 1285.
\MT@listname@count=\count124

(/usr/local/texlive/2014/texmf-dist/tex/latex/microtype/microtype-pdftex.def
File: microtype-pdftex.def 2013/05/23 v2.5a Definitions specific to pdftex (RS)

LaTeX Info: Redefining \lsstyle on input line 915.
LaTeX Info: Redefining \lslig on input line 915.
\MT@outer@space=\skip50
)
Package microtype Info: Loading configuration file microtype.cfg.

(/usr/local/texlive/2014/texmf-dist/tex/latex/microtype/microtype.cfg
File: microtype.cfg 2013/05/23 v2.5a microtype main configuration file (RS)
))
(/usr/local/texlive/2014/texmf-dist/tex/latex/xcolor/xcolor.sty
Package: xcolor 2007/01/21 v2.11 LaTeX color extensions (UK)

(/usr/local/texlive/2014/texmf-dist/tex/latex/latexconfig/color.cfg
File: color.cfg 2007/01/18 v1.5 color configuration of teTeX/TeXLive
)
Package xcolor Info: Driver file: pdftex.def on input line 225.

(/usr/local/texlive/2014/texmf-dist/tex/latex/pdftex-def/pdftex.def
File: pdftex.def 2011/05/27 v0.06d Graphics/color for pdfTeX
\Gread@gobject=\count125
)
(/usr/local/texlive/2014/texmf-dist/tex/latex/colortbl/colortbl.sty
Package: colortbl 2012/02/13 v1.0a Color table columns (DPC)

(/usr/local/texlive/2014/texmf-dist/tex/latex/tools/array.sty
Package: array 2008/09/09 v2.4c Tabular extension package (FMi)
\col@sep=\dimen130
\extrarowheight=\dimen131
\NC@list=\toks34
\extratabsurround=\skip51
\backup@length=\skip52
)
\everycr=\toks35
\minrowclearance=\skip53
)
\rownum=\count126
Package xcolor Info: Model `cmy' substituted by `cmy0' on input line 1337.
Package xcolor Info: Model `hsb' substituted by `rgb' on input line 1341.
Package xcolor Info: Model `RGB' extended on input line 1353.
Package xcolor Info: Model `HTML' substituted by `rgb' on input line 1355.
Package xcolor Info: Model `Hsb' substituted by `hsb' on input line 1356.
Package xcolor Info: Model `tHsb' substituted by `hsb' on input line 1357.
Package xcolor Info: Model `HSB' substituted by `hsb' on input line 1358.
Package xcolor Info: Model `Gray' substituted by `gray' on input line 1359.
Package xcolor Info: Model `wave' substituted by `hsb' on input line 1360.
)
(/usr/local/texlive/2014/texmf-dist/tex/latex/booktabs/booktabs.sty
Package: booktabs 2005/04/14 v1.61803 publication quality tables
\heavyrulewidth=\dimen132
\lightrulewidth=\dimen133
\cmidrulewidth=\dimen134
\belowrulesep=\dimen135
\belowbottomsep=\dimen136
\aboverulesep=\dimen137
\abovetopsep=\dimen138
\cmidrulesep=\dimen139
\cmidrulekern=\dimen140
\defaultaddspace=\dimen141
\@cmidla=\count127
\@cmidlb=\count128
\@aboverulesep=\dimen142
\@belowrulesep=\dimen143
\@thisruleclass=\count129
\@lastruleclass=\count130
\@thisrulewidth=\dimen144
)
(/usr/local/texlive/2014/texmf-dist/tex/latex/caption/caption.sty
Package: caption 2013/05/02 v3.3-89 Customizing captions (AR)

(/usr/local/texlive/2014/texmf-dist/tex/latex/caption/caption3.sty
Package: caption3 2013/05/02 v1.6-88 caption3 kernel (AR)
Package caption3 Info: TeX engine: e-TeX on input line 57.
\captionmargin=\dimen145
\captionmargin@=\dimen146
\captionwidth=\dimen147
\caption@tempdima=\dimen148
\caption@indent=\dimen149
\caption@parindent=\dimen150
\caption@hangindent=\dimen151
)
\c@ContinuedFloat=\count131
Package caption Info: hyperref package is loaded.
)
(/usr/local/texlive/2014/texmf-dist/tex/latex/caption/subcaption.sty
Package: subcaption 2013/02/03 v1.1-62 Sub-captions (AR)
\c@subfigure=\count132
\c@subtable=\count133
)
(/usr/local/texlive/2014/texmf-dist/tex/latex/tools/bm.sty
Package: bm 2004/02/26 v1.1c Bold Symbol Support (DPC/FMi)
\symboldoperators=\mathgroup6
\symboldletters=\mathgroup7
\symboldsymbols=\mathgroup8
LaTeX Font Info:    Redeclaring math alphabet \mathbf on input line 137.
LaTeX Info: Redefining \bm on input line 203.
)
\c@fact=\count134

(/usr/local/texlive/2014/texmf-dist/tex/latex/algorithms/algorithm.sty
Package: algorithm 2009/08/24 v0.1 Document Style `algorithm' - floating enviro
nment

(/usr/local/texlive/2014/texmf-dist/tex/latex/float/float.sty
Package: float 2001/11/08 v1.3d Float enhancements (AL)
\c@float@type=\count135
\float@exts=\toks36
\float@box=\box29
\@float@everytoks=\toks37
\@floatcapt=\box30
)
(/usr/local/texlive/2014/texmf-dist/tex/latex/base/ifthen.sty
Package: ifthen 2001/05/26 v1.1c Standard LaTeX ifthen package (DPC)
)
\@float@every@algorithm=\toks38
\c@algorithm=\count136
)
(/usr/local/texlive/2014/texmf-dist/tex/latex/algorithms/algorithmic.sty
Package: algorithmic 2009/08/24 v0.1 Document Style `algorithmic'
\c@ALC@unique=\count137
\c@ALC@line=\count138
\c@ALC@rem=\count139
\c@ALC@depth=\count140
\ALC@tlm=\skip54
\algorithmicindent=\skip55
)
\mybox=\box31
\mysim=\box32
\savedwidth=\skip56

(/usr/local/texlive/2014/texmf-dist/tex/latex/lastpage/lastpage.sty
Package: lastpage 2013/01/28 v1.2l Refers to last page's name (HMM; JPG)
)
(/usr/local/texlive/2014/texmf-dist/tex/latex/fancyhdr/fancyhdr.sty
\fancy@headwidth=\skip57
\f@ncyO@elh=\skip58
\f@ncyO@erh=\skip59
\f@ncyO@olh=\skip60
\f@ncyO@orh=\skip61
\f@ncyO@elf=\skip62
\f@ncyO@erf=\skip63
\f@ncyO@olf=\skip64
\f@ncyO@orf=\skip65
)
(/usr/local/texlive/2014/texmf-dist/tex/latex/graphics/graphicx.sty
Package: graphicx 2014/04/25 v1.0g Enhanced LaTeX Graphics (DPC,SPQR)

(/usr/local/texlive/2014/texmf-dist/tex/latex/graphics/graphics.sty
Package: graphics 2009/02/05 v1.0o Standard LaTeX Graphics (DPC,SPQR)

(/usr/local/texlive/2014/texmf-dist/tex/latex/graphics/trig.sty
Package: trig 1999/03/16 v1.09 sin cos tan (DPC)
)
(/usr/local/texlive/2014/texmf-dist/tex/latex/latexconfig/graphics.cfg
File: graphics.cfg 2010/04/23 v1.9 graphics configuration of TeX Live
)
Package graphics Info: Driver file: pdftex.def on input line 91.
)
\Gin@req@height=\dimen152
\Gin@req@width=\dimen153
)
(/usr/local/texlive/2014/texmf-dist/tex/latex/oberdiek/epstopdf.sty
Package: epstopdf 2010/02/09 v2.5 Conversion with epstopdf on the fly (HO)

(/usr/local/texlive/2014/texmf-dist/tex/latex/oberdiek/epstopdf-base.sty
Package: epstopdf-base 2010/02/09 v2.5 Base part for package epstopdf

(/usr/local/texlive/2014/texmf-dist/tex/latex/oberdiek/grfext.sty
Package: grfext 2010/08/19 v1.1 Manage graphics extensions (HO)
)
Package grfext Info: Graphics extension search list:
(grfext)             [.png,.pdf,.jpg,.mps,.jpeg,.jbig2,.jb2,.PNG,.PDF,.JPG,.JPE
G,.JBIG2,.JB2,.eps]
(grfext)             \AppendGraphicsExtensions on input line 452.

(/usr/local/texlive/2014/texmf-dist/tex/latex/latexconfig/epstopdf-sys.cfg
File: epstopdf-sys.cfg 2010/07/13 v1.3 Configuration of (r)epstopdf for TeX Liv
e
)))
(./plos_submission.aux)
\openout1 = `plos_submission.aux'.

LaTeX Font Info:    Checking defaults for OML/cmm/m/it on input line 216.
LaTeX Font Info:    ... okay on input line 216.
LaTeX Font Info:    Checking defaults for T1/cmr/m/n on input line 216.
LaTeX Font Info:    ... okay on input line 216.
LaTeX Font Info:    Checking defaults for OT1/cmr/m/n on input line 216.
LaTeX Font Info:    ... okay on input line 216.
LaTeX Font Info:    Checking defaults for OMS/cmsy/m/n on input line 216.
LaTeX Font Info:    ... okay on input line 216.
LaTeX Font Info:    Checking defaults for OMX/cmex/m/n on input line 216.
LaTeX Font Info:    ... okay on input line 216.
LaTeX Font Info:    Checking defaults for U/cmr/m/n on input line 216.
LaTeX Font Info:    ... okay on input line 216.
LaTeX Font Info:    Checking defaults for TS1/cmr/m/n on input line 216.
LaTeX Font Info:    Try loading font information for TS1+cmr on input line 216.


(/usr/local/texlive/2014/texmf-dist/tex/latex/base/ts1cmr.fd
File: ts1cmr.fd 1999/05/25 v2.5h Standard LaTeX font definitions
)
LaTeX Font Info:    ... okay on input line 216.
LaTeX Font Info:    Checking defaults for PD1/pdf/m/n on input line 216.
LaTeX Font Info:    ... okay on input line 216.

*geometry* driver: auto-detecting
*geometry* detected driver: pdftex
*geometry* verbose mode - [ preamble ] result:
* driver: pdftex
* paper: letterpaper
* layout: <same size as paper>
* layoutoffset:(h,v)=(0.0pt,0.0pt)
* modes: 
* h-part:(L,W,R)=(198.7425pt, 323.40732pt, 92.14519pt)
* v-part:(T,H,B)=(61.42993pt, 638.14268pt, 95.39737pt)
* \paperwidth=614.295pt
* \paperheight=794.96999pt
* \textwidth=379.4175pt
* \textheight=632.36249pt
* \oddsidemargin=126.4725pt
* \evensidemargin=126.4725pt
* \topmargin=-47.84006pt
* \headheight=27.023pt
* \headsep=25.0pt
* \topskip=10.0pt
* \footskip=54.2025pt
* \marginparwidth=65.0pt
* \marginparsep=11.0pt
* \columnsep=10.0pt
* \skip\footins=9.0pt plus 4.0pt minus 2.0pt
* \hoffset=0.0pt
* \voffset=0.0pt
* \mag=1000
* \@twocolumnfalse
* \@twosidefalse
* \@mparswitchfalse
* \@reversemarginfalse
* (1in=72.27pt=25.4mm, 1cm=28.453pt)

(/usr/local/texlive/2014/texmf-dist/tex/latex/ucs/ucsencs.def
File: ucsencs.def 2011/01/21 Fixes to fontencodings LGR, T3
)
\AtBeginShipoutBox=\box33
Package hyperref Info: Link coloring OFF on input line 216.
LaTeX Info: Redefining \ref on input line 216.
LaTeX Info: Redefining \pageref on input line 216.
LaTeX Info: Redefining \nameref on input line 216.

(./plos_submission.out) (./plos_submission.out)
\@outlinefile=\write3
\openout3 = `plos_submission.out'.

LaTeX Info: Redefining \microtypecontext on input line 216.
Package microtype Info: Generating PDF output.
Package microtype Info: Character protrusion enabled (level 2).
Package microtype Info: Using default protrusion set `alltext'.
Package microtype Info: Automatic font expansion enabled (level 2),
(microtype)             stretch: 20, shrink: 20, step: 1, non-selected.
Package microtype Info: Using default expansion set `basictext'.
Package microtype Info: No adjustment of tracking.
Package microtype Info: No adjustment of interword spacing.
Package microtype Info: No adjustment of character kerning.

(/usr/local/texlive/2014/texmf-dist/tex/latex/microtype/mt-cmr.cfg
File: mt-cmr.cfg 2013/05/19 v2.2 microtype config. file: Computer Modern Roman 
(RS)
)
(/usr/local/texlive/2014/texmf-dist/tex/context/base/supp-pdf.mkii
[Loading MPS to PDF converter (version 2006.09.02).]
\scratchcounter=\count141
\scratchdimen=\dimen154
\scratchbox=\box34
\nofMPsegments=\count142
\nofMParguments=\count143
\everyMPshowfont=\toks39
\MPscratchCnt=\count144
\MPscratchDim=\dimen155
\MPnumerator=\count145
\makeMPintoPDFobject=\count146
\everyMPtoPDFconversion=\toks40
)
Package caption Info: Begin \AtBeginDocument code.
Package caption Info: float package is loaded.
Package caption Info: End \AtBeginDocument code.
Package lastpage Info: Please have a look at the pageslts package at
(lastpage)             http://www.ctan.org/tex-archive/ 
(lastpage)             macros/latex/contrib/pageslts/ 
(lastpage)             or
(lastpage)             http://www.ctan.org/tex-archive/ 
(lastpage)             install/macros/latex/contrib/pageslts.tds.zip
(lastpage)             ! on input line 216.
LaTeX Font Info:    Try loading font information for U+msa on input line 227.
 (/usr/local/texlive/2014/texmf-dist/tex/latex/amsfonts/umsa.fd
File: umsa.fd 2013/01/14 v3.01 AMS symbols A
)
(/usr/local/texlive/2014/texmf-dist/tex/latex/microtype/mt-msa.cfg
File: mt-msa.cfg 2006/02/04 v1.1 microtype config. file: AMS symbols (a) (RS)
)
LaTeX Font Info:    Try loading font information for U+msb on input line 227.

(/usr/local/texlive/2014/texmf-dist/tex/latex/amsfonts/umsb.fd
File: umsb.fd 2013/01/14 v3.01 AMS symbols B
)
(/usr/local/texlive/2014/texmf-dist/tex/latex/microtype/mt-msb.cfg
File: mt-msb.cfg 2005/06/01 v1.0 microtype config. file: AMS symbols (b) (RS)
)
Package microtype Info: Loading generic settings for font family
(microtype)             `cmss' (encoding: OT1).
(microtype)             For optimal results, create family-specific settings.
(microtype)             See the microtype manual for details.
Package epstopdf Info: Source file: <PLOS-submission.eps>
(epstopdf)                    date: 2016-08-16 10:35:08
(epstopdf)                    size: 283246 bytes
(epstopdf)             Output file: <PLOS-submission-eps-converted-to.pdf>
(epstopdf)                    date: 2016-08-16 10:35:08
(epstopdf)                    size: 15452 bytes
(epstopdf)             Command: <repstopdf --outfile=PLOS-submission-eps-conver
ted-to.pdf PLOS-submission.eps>
(epstopdf)             \includegraphics on input line 295.
Package epstopdf Info: Output file is already uptodate.

<PLOS-submission-eps-converted-to.pdf, id=88, 216.81pt x 35.13126pt>
File: PLOS-submission-eps-converted-to.pdf Graphic file (type pdf)

<use PLOS-submission-eps-converted-to.pdf>
Package pdftex.def Info: PLOS-submission-eps-converted-to.pdf used on input lin
e 295.
(pdftex.def)             Requested size: 144.54pt x 23.42201pt.
 [1

{/usr/local/texlive/2014/texmf-var/fonts/map/pdftex/updmap/pdftex.map} <./PLOS-
submission-eps-converted-to.pdf>]
Package epstopdf Info: Source file: <PLOS-submission.eps>
(epstopdf)                    date: 2016-08-16 10:35:08
(epstopdf)                    size: 283246 bytes
(epstopdf)             Output file: <PLOS-submission-eps-converted-to.pdf>
(epstopdf)                    date: 2016-08-16 10:35:08
(epstopdf)                    size: 15452 bytes
(epstopdf)             Command: <repstopdf --outfile=PLOS-submission-eps-conver
ted-to.pdf PLOS-submission.eps>
(epstopdf)             \includegraphics on input line 334.
Package epstopdf Info: Output file is already uptodate.
File: PLOS-submission-eps-converted-to.pdf Graphic file (type pdf)

<use PLOS-submission-eps-converted-to.pdf>
Package pdftex.def Info: PLOS-submission-eps-converted-to.pdf used on input lin
e 334.
(pdftex.def)             Requested size: 144.54pt x 23.42201pt.
 [2]
Package epstopdf Info: Source file: <PLOS-submission.eps>
(epstopdf)                    date: 2016-08-16 10:35:08
(epstopdf)                    size: 283246 bytes
(epstopdf)             Output file: <PLOS-submission-eps-converted-to.pdf>
(epstopdf)                    date: 2016-08-16 10:35:08
(epstopdf)                    size: 15452 bytes
(epstopdf)             Command: <repstopdf --outfile=PLOS-submission-eps-conver
ted-to.pdf PLOS-submission.eps>
(epstopdf)             \includegraphics on input line 377.
Package epstopdf Info: Output file is already uptodate.
File: PLOS-submission-eps-converted-to.pdf Graphic file (type pdf)

<use PLOS-submission-eps-converted-to.pdf>
Package pdftex.def Info: PLOS-submission-eps-converted-to.pdf used on input lin
e 377.
(pdftex.def)             Requested size: 144.54pt x 23.42201pt.
 [3]
Package epstopdf Info: Source file: <PLOS-submission.eps>
(epstopdf)                    date: 2016-08-16 10:35:08
(epstopdf)                    size: 283246 bytes
(epstopdf)             Output file: <PLOS-submission-eps-converted-to.pdf>
(epstopdf)                    date: 2016-08-16 10:35:08
(epstopdf)                    size: 15452 bytes
(epstopdf)             Command: <repstopdf --outfile=PLOS-submission-eps-conver
ted-to.pdf PLOS-submission.eps>
(epstopdf)             \includegraphics on input line 414.
Package epstopdf Info: Output file is already uptodate.
File: PLOS-submission-eps-converted-to.pdf Graphic file (type pdf)

<use PLOS-submission-eps-converted-to.pdf>
Package pdftex.def Info: PLOS-submission-eps-converted-to.pdf used on input lin
e 414.
(pdftex.def)             Requested size: 144.54pt x 23.42201pt.
 [4]
<SBM_P.pdf, id=169, 289.08pt x 317.185pt>
File: SBM_P.pdf Graphic file (type pdf)
 <use SBM_P.pdf>
Package pdftex.def Info: SBM_P.pdf used on input line 432.
(pdftex.def)             Requested size: 151.76468pt x 166.51976pt.

<SBM_A.pdf, id=170, 289.08pt x 317.185pt>
File: SBM_A.pdf Graphic file (type pdf)
 <use SBM_A.pdf>
Package pdftex.def Info: SBM_A.pdf used on input line 436.
(pdftex.def)             Requested size: 151.76468pt x 166.51976pt.

<SBM_Phat.pdf, id=171, 289.08pt x 317.185pt>
File: SBM_Phat.pdf Graphic file (type pdf)
 <use SBM_Phat.pdf>
Package pdftex.def Info: SBM_Phat.pdf used on input line 440.
(pdftex.def)             Requested size: 151.76468pt x 166.51976pt.

<SBM_Abar.pdf, id=172, 289.08pt x 317.185pt>
File: SBM_Abar.pdf Graphic file (type pdf)
 <use SBM_Abar.pdf>
Package pdftex.def Info: SBM_Abar.pdf used on input line 444.
(pdftex.def)             Requested size: 151.76468pt x 166.51976pt.
Package epstopdf Info: Source file: <PLOS-submission.eps>
(epstopdf)                    date: 2016-08-16 10:35:08
(epstopdf)                    size: 283246 bytes
(epstopdf)             Output file: <PLOS-submission-eps-converted-to.pdf>
(epstopdf)                    date: 2016-08-16 10:35:08
(epstopdf)                    size: 15452 bytes
(epstopdf)             Command: <repstopdf --outfile=PLOS-submission-eps-conver
ted-to.pdf PLOS-submission.eps>
(epstopdf)             \includegraphics on input line 483.
Package epstopdf Info: Output file is already uptodate.
File: PLOS-submission-eps-converted-to.pdf Graphic file (type pdf)

<use PLOS-submission-eps-converted-to.pdf>
Package pdftex.def Info: PLOS-submission-eps-converted-to.pdf used on input lin
e 483.
(pdftex.def)             Requested size: 144.54pt x 23.42201pt.
 [5]
Package epstopdf Info: Source file: <PLOS-submission.eps>
(epstopdf)                    date: 2016-08-16 10:35:08
(epstopdf)                    size: 283246 bytes
(epstopdf)             Output file: <PLOS-submission-eps-converted-to.pdf>
(epstopdf)                    date: 2016-08-16 10:35:08
(epstopdf)                    size: 15452 bytes
(epstopdf)             Command: <repstopdf --outfile=PLOS-submission-eps-conver
ted-to.pdf PLOS-submission.eps>
(epstopdf)             \includegraphics on input line 483.
Package epstopdf Info: Output file is already uptodate.
File: PLOS-submission-eps-converted-to.pdf Graphic file (type pdf)

<use PLOS-submission-eps-converted-to.pdf>
Package pdftex.def Info: PLOS-submission-eps-converted-to.pdf used on input lin
e 483.
(pdftex.def)             Requested size: 144.54pt x 23.42201pt.
 [6 <./SBM_P.pdf> <./SBM_A.pdf> <./SBM_Phat.pdf> <./SBM_Abar.pdf>]
Package hyperref Info: bookmark level for unknown algorithm defaults to 0 on in
put line 485.
Package epstopdf Info: Source file: <PLOS-submission.eps>
(epstopdf)                    date: 2016-08-16 10:35:08
(epstopdf)                    size: 283246 bytes
(epstopdf)             Output file: <PLOS-submission-eps-converted-to.pdf>
(epstopdf)                    date: 2016-08-16 10:35:08
(epstopdf)                    size: 15452 bytes
(epstopdf)             Command: <repstopdf --outfile=PLOS-submission-eps-conver
ted-to.pdf PLOS-submission.eps>
(epstopdf)             \includegraphics on input line 536.
Package epstopdf Info: Output file is already uptodate.
File: PLOS-submission-eps-converted-to.pdf Graphic file (type pdf)
 <use PLOS-submission-eps-converted-to.pdf>
Package pdftex.def Info: PLOS-submission-eps-converted-to.pdf used on input lin
e 536.
(pdftex.def)             Requested size: 144.54pt x 23.42201pt.

[7]
Package epstopdf Info: Source file: <PLOS-submission.eps>
(epstopdf)                    date: 2016-08-16 10:35:08
(epstopdf)                    size: 283246 bytes
(epstopdf)             Output file: <PLOS-submission-eps-converted-to.pdf>
(epstopdf)                    date: 2016-08-16 10:35:08
(epstopdf)                    size: 15452 bytes
(epstopdf)             Command: <repstopdf --outfile=PLOS-submission-eps-conver
ted-to.pdf PLOS-submission.eps>
(epstopdf)             \includegraphics on input line 590.
Package epstopdf Info: Output file is already uptodate.
File: PLOS-submission-eps-converted-to.pdf Graphic file (type pdf)
 <use PLOS-submission-eps-converted-to.pdf>
Package pdftex.def Info: PLOS-submission-eps-converted-to.pdf used on input lin
e 590.
(pdftex.def)             Requested size: 144.54pt x 23.42201pt.
 [8]
<Rho.pdf, id=266, 361.35pt x 180.675pt>
File: Rho.pdf Graphic file (type pdf)
 <use Rho.pdf>
Package pdftex.def Info: Rho.pdf used on input line 609.
(pdftex.def)             Requested size: 379.4175pt x 189.70882pt.
Package epstopdf Info: Source file: <PLOS-submission.eps>
(epstopdf)                    date: 2016-08-16 10:35:08
(epstopdf)                    size: 283246 bytes
(epstopdf)             Output file: <PLOS-submission-eps-converted-to.pdf>
(epstopdf)                    date: 2016-08-16 10:35:08
(epstopdf)                    size: 15452 bytes
(epstopdf)             Command: <repstopdf --outfile=PLOS-submission-eps-conver
ted-to.pdf PLOS-submission.eps>
(epstopdf)             \includegraphics on input line 628.
Package epstopdf Info: Output file is already uptodate.
File: PLOS-submission-eps-converted-to.pdf Graphic file (type pdf)

<use PLOS-submission-eps-converted-to.pdf>
Package pdftex.def Info: PLOS-submission-eps-converted-to.pdf used on input lin
e 628.
(pdftex.def)             Requested size: 144.54pt x 23.42201pt.
 [9 <./Rho.pdf>]
<RE.pdf, id=286, 361.35pt x 144.54pt>
File: RE.pdf Graphic file (type pdf)
 <use RE.pdf>
Package pdftex.def Info: RE.pdf used on input line 658.
(pdftex.def)             Requested size: 379.4175pt x 151.76704pt.

<scaled_RE.pdf, id=287, 361.35pt x 216.81pt>
File: scaled_RE.pdf Graphic file (type pdf)
 <use scaled_RE.pdf>
Package pdftex.def Info: scaled_RE.pdf used on input line 659.
(pdftex.def)             Requested size: 379.4175pt x 227.65059pt.
Package epstopdf Info: Source file: <PLOS-submission.eps>
(epstopdf)                    date: 2016-08-16 10:35:08
(epstopdf)                    size: 283246 bytes
(epstopdf)             Output file: <PLOS-submission-eps-converted-to.pdf>
(epstopdf)                    date: 2016-08-16 10:35:08
(epstopdf)                    size: 15452 bytes
(epstopdf)             Command: <repstopdf --outfile=PLOS-submission-eps-conver
ted-to.pdf PLOS-submission.eps>
(epstopdf)             \includegraphics on input line 697.
Package epstopdf Info: Output file is already uptodate.
File: PLOS-submission-eps-converted-to.pdf Graphic file (type pdf)

<use PLOS-submission-eps-converted-to.pdf>
Package pdftex.def Info: PLOS-submission-eps-converted-to.pdf used on input lin
e 697.
(pdftex.def)             Requested size: 144.54pt x 23.42201pt.
 [10]
Package epstopdf Info: Source file: <PLOS-submission.eps>
(epstopdf)                    date: 2016-08-16 10:35:08
(epstopdf)                    size: 283246 bytes
(epstopdf)             Output file: <PLOS-submission-eps-converted-to.pdf>
(epstopdf)                    date: 2016-08-16 10:35:08
(epstopdf)                    size: 15452 bytes
(epstopdf)             Command: <repstopdf --outfile=PLOS-submission-eps-conver
ted-to.pdf PLOS-submission.eps>
(epstopdf)             \includegraphics on input line 701.
Package epstopdf Info: Output file is already uptodate.
File: PLOS-submission-eps-converted-to.pdf Graphic file (type pdf)

<use PLOS-submission-eps-converted-to.pdf>
Package pdftex.def Info: PLOS-submission-eps-converted-to.pdf used on input lin
e 701.
(pdftex.def)             Requested size: 144.54pt x 23.42201pt.
 [11 <./RE.pdf> <./scaled_RE.pdf>]
Package epstopdf Info: Source file: <PLOS-submission.eps>
(epstopdf)                    date: 2016-08-16 10:35:08
(epstopdf)                    size: 283246 bytes
(epstopdf)             Output file: <PLOS-submission-eps-converted-to.pdf>
(epstopdf)                    date: 2016-08-16 10:35:08
(epstopdf)                    size: 15452 bytes
(epstopdf)             Command: <repstopdf --outfile=PLOS-submission-eps-conver
ted-to.pdf PLOS-submission.eps>
(epstopdf)             \includegraphics on input line 742.
Package epstopdf Info: Output file is already uptodate.
File: PLOS-submission-eps-converted-to.pdf Graphic file (type pdf)

<use PLOS-submission-eps-converted-to.pdf>
Package pdftex.def Info: PLOS-submission-eps-converted-to.pdf used on input lin
e 742.
(pdftex.def)             Requested size: 144.54pt x 23.42201pt.
 [12]
<corr_data_MSE_jhu.pdf, id=346, 397.485pt x 144.54pt>
File: corr_data_MSE_jhu.pdf Graphic file (type pdf)

<use corr_data_MSE_jhu.pdf>
Package pdftex.def Info: corr_data_MSE_jhu.pdf used on input line 764.
(pdftex.def)             Requested size: 379.4175pt x 137.97385pt.

<corr_data_MSE_desikan.pdf, id=347, 397.485pt x 144.54pt>
File: corr_data_MSE_desikan.pdf Graphic file (type pdf)

<use corr_data_MSE_desikan.pdf>
Package pdftex.def Info: corr_data_MSE_desikan.pdf used on input line 765.
(pdftex.def)             Requested size: 379.4175pt x 137.97385pt.

<corr_data_MSE_CPAC200.pdf, id=348, 397.485pt x 180.675pt>
File: corr_data_MSE_CPAC200.pdf Graphic file (type pdf)

<use corr_data_MSE_CPAC200.pdf>
Package pdftex.def Info: corr_data_MSE_CPAC200.pdf used on input line 766.
(pdftex.def)             Requested size: 379.4175pt x 172.46732pt.
Package epstopdf Info: Source file: <PLOS-submission.eps>
(epstopdf)                    date: 2016-08-16 10:35:08
(epstopdf)                    size: 283246 bytes
(epstopdf)             Output file: <PLOS-submission-eps-converted-to.pdf>
(epstopdf)                    date: 2016-08-16 10:35:08
(epstopdf)                    size: 15452 bytes
(epstopdf)             Command: <repstopdf --outfile=PLOS-submission-eps-conver
ted-to.pdf PLOS-submission.eps>
(epstopdf)             \includegraphics on input line 808.
Package epstopdf Info: Output file is already uptodate.
File: PLOS-submission-eps-converted-to.pdf Graphic file (type pdf)
 <use PLOS-submission-eps-converted-to.pdf>
Package pdftex.def Info: PLOS-submission-eps-converted-to.pdf used on input lin
e 808.
(pdftex.def)             Requested size: 144.54pt x 23.42201pt.

[13]
Package epstopdf Info: Source file: <PLOS-submission.eps>
(epstopdf)                    date: 2016-08-16 10:35:08
(epstopdf)                    size: 283246 bytes
(epstopdf)             Output file: <PLOS-submission-eps-converted-to.pdf>
(epstopdf)                    date: 2016-08-16 10:35:08
(epstopdf)                    size: 15452 bytes
(epstopdf)             Command: <repstopdf --outfile=PLOS-submission-eps-conver
ted-to.pdf PLOS-submission.eps>
(epstopdf)             \includegraphics on input line 808.
Package epstopdf Info: Output file is already uptodate.
File: PLOS-submission-eps-converted-to.pdf Graphic file (type pdf)
 <use PLOS-submission-eps-converted-to.pdf>
Package pdftex.def Info: PLOS-submission-eps-converted-to.pdf used on input lin
e 808.
(pdftex.def)             Requested size: 144.54pt x 23.42201pt.
 [14 <./corr_data_MSE_jhu.pdf> <./corr_data_MSE_desikan.pdf> <./corr_data_MSE_C
PAC200.pdf>]
<P_desikan.pdf, id=394, 208.78pt x 229.85875pt>
File: P_desikan.pdf Graphic file (type pdf)
 <use P_desikan.pdf>
Package pdftex.def Info: P_desikan.pdf used on input line 827.
(pdftex.def)             Requested size: 103.38304pt x 113.8206pt.

<Abar_desikan_m5.pdf, id=395, 206.7725pt x 230.8625pt>
File: Abar_desikan_m5.pdf Graphic file (type pdf)

<use Abar_desikan_m5.pdf>
Package pdftex.def Info: Abar_desikan_m5.pdf used on input line 828.
(pdftex.def)             Requested size: 103.0831pt x 115.09428pt.

<Phat_desikan_m5.pdf, id=396, 249.93375pt x 230.8625pt>
File: Phat_desikan_m5.pdf Graphic file (type pdf)

<use Phat_desikan_m5.pdf>
Package pdftex.def Info: Phat_desikan_m5.pdf used on input line 829.
(pdftex.def)             Requested size: 127.33867pt x 117.62234pt.
 <Diff2_desikan_m5.pdf, id=397, 289.08pt x 252.945pt>
File: Diff2_desikan_m5.pdf Graphic file (type pdf)

<use Diff2_desikan_m5.pdf>
Package pdftex.def Info: Diff2_desikan_m5.pdf used on input line 841.
(pdftex.def)             Requested size: 173.44933pt x 151.76468pt.

<Diff3_desikan_m5.pdf, id=398, 325.215pt x 252.945pt>
File: Diff3_desikan_m5.pdf Graphic file (type pdf)

<use Diff3_desikan_m5.pdf>
Package pdftex.def Info: Diff3_desikan_m5.pdf used on input line 842.
(pdftex.def)             Requested size: 195.1305pt x 151.76468pt.

<Diff_between_desikan.png, id=399, 1146.53343pt x 359.09157pt>
File: Diff_between_desikan.png Graphic file (type png)

<use Diff_between_desikan.png>
Package pdftex.def Info: Diff_between_desikan.png used on input line 854.
(pdftex.def)             Requested size: 379.4175pt x 118.83481pt.
Package epstopdf Info: Source file: <PLOS-submission.eps>
(epstopdf)                    date: 2016-08-16 10:35:08
(epstopdf)                    size: 283246 bytes
(epstopdf)             Output file: <PLOS-submission-eps-converted-to.pdf>
(epstopdf)                    date: 2016-08-16 10:35:08
(epstopdf)                    size: 15452 bytes
(epstopdf)             Command: <repstopdf --outfile=PLOS-submission-eps-conver
ted-to.pdf PLOS-submission.eps>
(epstopdf)             \includegraphics on input line 920.
Package epstopdf Info: Output file is already uptodate.
File: PLOS-submission-eps-converted-to.pdf Graphic file (type pdf)
 <use PLOS-submission-eps-converted-to.pdf>
Package pdftex.def Info: PLOS-submission-eps-converted-to.pdf used on input lin
e 920.
(pdftex.def)             Requested size: 144.54pt x 23.42201pt.

[15 <./P_desikan.pdf> <./Abar_desikan_m5.pdf> <./Phat_desikan_m5.pdf>]
Package epstopdf Info: Source file: <PLOS-submission.eps>
(epstopdf)                    date: 2016-08-16 10:35:08
(epstopdf)                    size: 283246 bytes
(epstopdf)             Output file: <PLOS-submission-eps-converted-to.pdf>
(epstopdf)                    date: 2016-08-16 10:35:08
(epstopdf)                    size: 15452 bytes
(epstopdf)             Command: <repstopdf --outfile=PLOS-submission-eps-conver
ted-to.pdf PLOS-submission.eps>
(epstopdf)             \includegraphics on input line 927.
Package epstopdf Info: Output file is already uptodate.
File: PLOS-submission-eps-converted-to.pdf Graphic file (type pdf)

<use PLOS-submission-eps-converted-to.pdf>
Package pdftex.def Info: PLOS-submission-eps-converted-to.pdf used on input lin
e 927.
(pdftex.def)             Requested size: 144.54pt x 23.42201pt.
 [16 <./Diff2_desikan_m5.pdf> <./Diff3_desikan_m5.pdf> <./Diff_between_desikan.
png>]
<sim_desikan.pdf, id=463, 397.485pt x 180.675pt>
File: sim_desikan.pdf Graphic file (type pdf)
 <use sim_desikan.pdf>
Package pdftex.def Info: sim_desikan.pdf used on input line 934.
(pdftex.def)             Requested size: 379.4175pt x 172.46732pt.
Package epstopdf Info: Source file: <PLOS-submission.eps>
(epstopdf)                    date: 2016-08-16 10:35:08
(epstopdf)                    size: 283246 bytes
(epstopdf)             Output file: <PLOS-submission-eps-converted-to.pdf>
(epstopdf)                    date: 2016-08-16 10:35:08
(epstopdf)                    size: 15452 bytes
(epstopdf)             Command: <repstopdf --outfile=PLOS-submission-eps-conver
ted-to.pdf PLOS-submission.eps>
(epstopdf)             \includegraphics on input line 958.
Package epstopdf Info: Output file is already uptodate.
File: PLOS-submission-eps-converted-to.pdf Graphic file (type pdf)

<use PLOS-submission-eps-converted-to.pdf>
Package pdftex.def Info: PLOS-submission-eps-converted-to.pdf used on input lin
e 958.
(pdftex.def)             Requested size: 144.54pt x 23.42201pt.
 [17 <./sim_desikan.pdf>]
Package epstopdf Info: Source file: <PLOS-submission.eps>
(epstopdf)                    date: 2016-08-16 10:35:08
(epstopdf)                    size: 283246 bytes
(epstopdf)             Output file: <PLOS-submission-eps-converted-to.pdf>
(epstopdf)                    date: 2016-08-16 10:35:08
(epstopdf)                    size: 15452 bytes
(epstopdf)             Command: <repstopdf --outfile=PLOS-submission-eps-conver
ted-to.pdf PLOS-submission.eps>
(epstopdf)             \includegraphics on input line 997.
Package epstopdf Info: Output file is already uptodate.
File: PLOS-submission-eps-converted-to.pdf Graphic file (type pdf)

<use PLOS-submission-eps-converted-to.pdf>
Package pdftex.def Info: PLOS-submission-eps-converted-to.pdf used on input lin
e 997.
(pdftex.def)             Requested size: 144.54pt x 23.42201pt.
 [18]
Package epstopdf Info: Source file: <PLOS-submission.eps>
(epstopdf)                    date: 2016-08-16 10:35:08
(epstopdf)                    size: 283246 bytes
(epstopdf)             Output file: <PLOS-submission-eps-converted-to.pdf>
(epstopdf)                    date: 2016-08-16 10:35:08
(epstopdf)                    size: 15452 bytes
(epstopdf)             Command: <repstopdf --outfile=PLOS-submission-eps-conver
ted-to.pdf PLOS-submission.eps>
(epstopdf)             \includegraphics on input line 1035.
Package epstopdf Info: Output file is already uptodate.
File: PLOS-submission-eps-converted-to.pdf Graphic file (type pdf)

<use PLOS-submission-eps-converted-to.pdf>
Package pdftex.def Info: PLOS-submission-eps-converted-to.pdf used on input lin
e 1035.
(pdftex.def)             Requested size: 144.54pt x 23.42201pt.
 [19]
Package epstopdf Info: Source file: <PLOS-submission.eps>
(epstopdf)                    date: 2016-08-16 10:35:08
(epstopdf)                    size: 283246 bytes
(epstopdf)             Output file: <PLOS-submission-eps-converted-to.pdf>
(epstopdf)                    date: 2016-08-16 10:35:08
(epstopdf)                    size: 15452 bytes
(epstopdf)             Command: <repstopdf --outfile=PLOS-submission-eps-conver
ted-to.pdf PLOS-submission.eps>
(epstopdf)             \includegraphics on input line 1102.
Package epstopdf Info: Output file is already uptodate.
File: PLOS-submission-eps-converted-to.pdf Graphic file (type pdf)

<use PLOS-submission-eps-converted-to.pdf>
Package pdftex.def Info: PLOS-submission-eps-converted-to.pdf used on input lin
e 1102.
(pdftex.def)             Requested size: 144.54pt x 23.42201pt.
 [20]
Package epstopdf Info: Source file: <PLOS-submission.eps>
(epstopdf)                    date: 2016-08-16 10:35:08
(epstopdf)                    size: 283246 bytes
(epstopdf)             Output file: <PLOS-submission-eps-converted-to.pdf>
(epstopdf)                    date: 2016-08-16 10:35:08
(epstopdf)                    size: 15452 bytes
(epstopdf)             Command: <repstopdf --outfile=PLOS-submission-eps-conver
ted-to.pdf PLOS-submission.eps>
(epstopdf)             \includegraphics on input line 1188.
Package epstopdf Info: Output file is already uptodate.
File: PLOS-submission-eps-converted-to.pdf Graphic file (type pdf)

<use PLOS-submission-eps-converted-to.pdf>
Package pdftex.def Info: PLOS-submission-eps-converted-to.pdf used on input lin
e 1188.
(pdftex.def)             Requested size: 144.54pt x 23.42201pt.
 [21]
(/usr/local/texlive/2014/texmf-dist/tex/latex/ucs/data/uni-32.def
File: uni-32.def 2013/05/13 UCS: Unicode data U+2000..U+20FF
)
Package microtype Info: Loading generic settings for font family
(microtype)             `cmtt' (encoding: OT1).
(microtype)             For optimal results, create family-specific settings.
(microtype)             See the microtype manual for details.
Package epstopdf Info: Source file: <PLOS-submission.eps>
(epstopdf)                    date: 2016-08-16 10:35:08
(epstopdf)                    size: 283246 bytes
(epstopdf)             Output file: <PLOS-submission-eps-converted-to.pdf>
(epstopdf)                    date: 2016-08-16 10:35:08
(epstopdf)                    size: 15452 bytes
(epstopdf)             Command: <repstopdf --outfile=PLOS-submission-eps-conver
ted-to.pdf PLOS-submission.eps>
(epstopdf)             \includegraphics on input line 1264.
Package epstopdf Info: Output file is already uptodate.
File: PLOS-submission-eps-converted-to.pdf Graphic file (type pdf)

<use PLOS-submission-eps-converted-to.pdf>
Package pdftex.def Info: PLOS-submission-eps-converted-to.pdf used on input lin
e 1264.
(pdftex.def)             Requested size: 144.54pt x 23.42201pt.
 [22]
Package epstopdf Info: Source file: <PLOS-submission.eps>
(epstopdf)                    date: 2016-08-16 10:35:08
(epstopdf)                    size: 283246 bytes
(epstopdf)             Output file: <PLOS-submission-eps-converted-to.pdf>
(epstopdf)                    date: 2016-08-16 10:35:08
(epstopdf)                    size: 15452 bytes
(epstopdf)             Command: <repstopdf --outfile=PLOS-submission-eps-conver
ted-to.pdf PLOS-submission.eps>
(epstopdf)             \includegraphics on input line 1339.
Package epstopdf Info: Output file is already uptodate.
File: PLOS-submission-eps-converted-to.pdf Graphic file (type pdf)

<use PLOS-submission-eps-converted-to.pdf>
Package pdftex.def Info: PLOS-submission-eps-converted-to.pdf used on input lin
e 1339.
(pdftex.def)             Requested size: 144.54pt x 23.42201pt.
 [23]

AED: lastpage setting LastPage
Package epstopdf Info: Source file: <PLOS-submission.eps>
(epstopdf)                    date: 2016-08-16 10:35:08
(epstopdf)                    size: 283246 bytes
(epstopdf)             Output file: <PLOS-submission-eps-converted-to.pdf>
(epstopdf)                    date: 2016-08-16 10:35:08
(epstopdf)                    size: 15452 bytes
(epstopdf)             Command: <repstopdf --outfile=PLOS-submission-eps-conver
ted-to.pdf PLOS-submission.eps>
(epstopdf)             \includegraphics on input line 1396.
Package epstopdf Info: Output file is already uptodate.
File: PLOS-submission-eps-converted-to.pdf Graphic file (type pdf)
<use PLOS-submission-eps-converted-to.pdf>
Package pdftex.def Info: PLOS-submission-eps-converted-to.pdf used on input lin
e 1396.
(pdftex.def)             Requested size: 144.54pt x 23.42201pt.
 [24]
Package atveryend Info: Empty hook `BeforeClearDocument' on input line 1396.
Package atveryend Info: Empty hook `AfterLastShipout' on input line 1396.
 (./plos_submission.aux)
Package atveryend Info: Executing hook `AtVeryEndDocument' on input line 1396.
Package atveryend Info: Executing hook `AtEndAfterFileList' on input line 1396.

Package rerunfilecheck Info: File `plos_submission.out' has not changed.
(rerunfilecheck)             Checksum: B7D547E0294B0174D4F65439198BA38C;1422.
Package atveryend Info: Empty hook `AtVeryVeryEnd' on input line 1396.
 ) 
Here is how much of TeX's memory you used:
 12058 strings out of 493117
 180815 string characters out of 6135433
 330435 words of memory out of 5000000
 15106 multiletter control sequences out of 15000+600000
 19605 words of font info for 100 fonts, out of 8000000 for 9000
 1141 hyphenation exceptions out of 8191
 42i,16n,43p,1752b,521s stack positions out of 5000i,500n,10000p,200000b,80000s
</usr/local/texlive/2014/texmf-dist/fonts/type1/public/amsfonts/cm/cmbsy10.pf
b></usr/local/texlive/2014/texmf-dist/fonts/type1/public/amsfonts/cm/cmbx10.pfb
></usr/local/texlive/2014/texmf-dist/fonts/type1/public/amsfonts/cm/cmbx12.pfb>
</usr/local/texlive/2014/texmf-dist/fonts/type1/public/amsfonts/cm/cmex10.pfb><
/usr/local/texlive/2014/texmf-dist/fonts/type1/public/amsfonts/cmextra/cmex7.pf
b></usr/local/texlive/2014/texmf-dist/fonts/type1/public/amsfonts/cm/cmmi10.pfb
></usr/local/texlive/2014/texmf-dist/fonts/type1/public/amsfonts/cm/cmmi12.pfb>
</usr/local/texlive/2014/texmf-dist/fonts/type1/public/amsfonts/cm/cmmi5.pfb></
usr/local/texlive/2014/texmf-dist/fonts/type1/public/amsfonts/cm/cmmi7.pfb></us
r/local/texlive/2014/texmf-dist/fonts/type1/public/amsfonts/cm/cmmib10.pfb></us
r/local/texlive/2014/texmf-dist/fonts/type1/public/amsfonts/cmextra/cmmib7.pfb>
</usr/local/texlive/2014/texmf-dist/fonts/type1/public/amsfonts/cm/cmr10.pfb></
usr/local/texlive/2014/texmf-dist/fonts/type1/public/amsfonts/cm/cmr12.pfb></us
r/local/texlive/2014/texmf-dist/fonts/type1/public/amsfonts/cm/cmr7.pfb></usr/l
ocal/texlive/2014/texmf-dist/fonts/type1/public/amsfonts/cm/cmr8.pfb></usr/loca
l/texlive/2014/texmf-dist/fonts/type1/public/amsfonts/cm/cmss10.pfb></usr/local
/texlive/2014/texmf-dist/fonts/type1/public/amsfonts/cm/cmss8.pfb></usr/local/t
exlive/2014/texmf-dist/fonts/type1/public/amsfonts/cm/cmsy10.pfb></usr/local/te
xlive/2014/texmf-dist/fonts/type1/public/amsfonts/cm/cmsy5.pfb></usr/local/texl
ive/2014/texmf-dist/fonts/type1/public/amsfonts/cm/cmsy7.pfb></usr/local/texliv
e/2014/texmf-dist/fonts/type1/public/amsfonts/cm/cmti10.pfb></usr/local/texlive
/2014/texmf-dist/fonts/type1/public/amsfonts/cm/cmtt10.pfb></usr/local/texlive/
2014/texmf-dist/fonts/type1/public/amsfonts/symbols/msbm10.pfb>
Output written on plos_submission.pdf (24 pages, 1103965 bytes).
PDF statistics:
 655 PDF objects out of 1000 (max. 8388607)
 561 compressed objects within 6 object streams
 110 named destinations out of 1000 (max. 500000)
 17155 words of extra memory for PDF output out of 17280 (max. 10000000)

